<?xml version="1.0" encoding="UTF-8" standalone="yes"?><!DOCTYPE report PUBLIC "-//JACOCO//DTD Report 1.1//EN" "report.dtd"><report name="debug"><sessioninfo id="unknownhost-8c0c46c7" start="1631709475556" dump="1631709476064"/><package name="com/jumia/myapplication"><class name="com/jumia/myapplication/DataBinderMapperImpl$InnerBrLookup" sourcefilename="DataBinderMapperImpl.java"><method name="&lt;clinit&gt;" desc="()V" line="109"><counter type="INSTRUCTION" missed="18" covered="0"/><counter type="LINE" missed="5" covered="0"/><counter type="COMPLEXITY" missed="1" covered="0"/><counter type="METHOD" missed="1" covered="0"/></method><counter type="INSTRUCTION" missed="18" covered="0"/><counter type="LINE" missed="5" covered="0"/><counter type="COMPLEXITY" missed="1" covered="0"/><counter type="METHOD" missed="1" covered="0"/><counter type="CLASS" missed="1" covered="0"/></class><class name="com/jumia/myapplication/BR" sourcefilename="BR.java"><method name="&lt;init&gt;" desc="()V" line="3"><counter type="INSTRUCTION" missed="3" covered="0"/><counter type="LINE" missed="1" covered="0"/><counter type="COMPLEXITY" missed="1" covered="0"/><counter type="METHOD" missed="1" covered="0"/></method><counter type="INSTRUCTION" missed="3" covered="0"/><counter type="LINE" missed="1" covered="0"/><counter type="COMPLEXITY" missed="1" covered="0"/><counter type="METHOD" missed="1" covered="0"/><counter type="CLASS" missed="1" covered="0"/></class><class name="com/jumia/myapplication/DataBinderMapperImpl$InnerLayoutIdLookup" sourcefilename="DataBinderMapperImpl.java"><method name="&lt;clinit&gt;" desc="()V" line="119"><counter type="INSTRUCTION" missed="24" covered="0"/><counter type="LINE" missed="5" covered="0"/><counter type="COMPLEXITY" missed="1" covered="0"/><counter type="METHOD" missed="1" covered="0"/></method><counter type="INSTRUCTION" missed="24" covered="0"/><counter type="LINE" missed="5" covered="0"/><counter type="COMPLEXITY" missed="1" covered="0"/><counter type="METHOD" missed="1" covered="0"/><counter type="CLASS" missed="1" covered="0"/></class><class name="com/jumia/myapplication/DataBindingTriggerClass" sourcefilename="DataBindingTriggerClass.java"><method name="&lt;init&gt;" desc="()V" line="4"><counter type="INSTRUCTION" missed="3" covered="0"/><counter type="LINE" missed="1" covered="0"/><counter type="COMPLEXITY" missed="1" covered="0"/><counter type="METHOD" missed="1" covered="0"/></method><counter type="INSTRUCTION" missed="3" covered="0"/><counter type="LINE" missed="1" covered="0"/><counter type="COMPLEXITY" missed="1" covered="0"/><counter type="METHOD" missed="1" covered="0"/><counter type="CLASS" missed="1" covered="0"/></class><class name="com/jumia/myapplication/DataBinderMapperImpl" sourcefilename="DataBinderMapperImpl.java"><method name="&lt;init&gt;" desc="()V" line="22"><counter type="INSTRUCTION" missed="3" covered="0"/><counter type="LINE" missed="1" covered="0"/><counter type="COMPLEXITY" missed="1" covered="0"/><counter type="METHOD" missed="1" covered="0"/></method><method name="getDataBinder" desc="(Landroidx/databinding/DataBindingComponent;Landroid/view/View;I)Landroidx/databinding/ViewDataBinding;" line="39"><counter type="INSTRUCTION" missed="86" covered="0"/><counter type="BRANCH" missed="14" covered="0"/><counter type="LINE" missed="16" covered="0"/><counter type="COMPLEXITY" missed="9" covered="0"/><counter type="METHOD" missed="1" covered="0"/></method><method name="getDataBinder" desc="(Landroidx/databinding/DataBindingComponent;[Landroid/view/View;I)Landroidx/databinding/ViewDataBinding;" line="71"><counter type="INSTRUCTION" missed="29" covered="0"/><counter type="BRANCH" missed="8" covered="0"/><counter type="LINE" missed="9" covered="0"/><counter type="COMPLEXITY" missed="5" covered="0"/><counter type="METHOD" missed="1" covered="0"/></method><method name="getLayoutId" desc="(Ljava/lang/String;)I" line="88"><counter type="INSTRUCTION" missed="16" covered="0"/><counter type="BRANCH" missed="4" covered="0"/><counter type="LINE" missed="4" covered="0"/><counter type="COMPLEXITY" missed="3" covered="0"/><counter type="METHOD" missed="1" covered="0"/></method><method name="convertBrIdToString" desc="(I)Ljava/lang/String;" line="97"><counter type="INSTRUCTION" missed="7" covered="0"/><counter type="LINE" missed="2" covered="0"/><counter type="COMPLEXITY" missed="1" covered="0"/><counter type="METHOD" missed="1" covered="0"/></method><method name="collectDependencies" desc="()Ljava/util/List;" line="103"><counter type="INSTRUCTION" missed="13" covered="0"/><counter type="LINE" missed="3" covered="0"/><counter type="COMPLEXITY" missed="1" covered="0"/><counter type="METHOD" missed="1" covered="0"/></method><method name="&lt;clinit&gt;" desc="()V" line="29"><counter type="INSTRUCTION" missed="18" covered="0"/><counter type="LINE" missed="5" covered="0"/><counter type="COMPLEXITY" missed="1" covered="0"/><counter type="METHOD" missed="1" covered="0"/></method><counter type="INSTRUCTION" missed="172" covered="0"/><counter type="BRANCH" missed="26" covered="0"/><counter type="LINE" missed="40" covered="0"/><counter type="COMPLEXITY" missed="21" covered="0"/><counter type="METHOD" missed="7" covered="0"/><counter type="CLASS" missed="1" covered="0"/></class><sourcefile name="DataBinderMapperImpl.java"><line nr="22" mi="3" ci="0" mb="0" cb="0"/><line nr="29" mi="5" ci="0" mb="0" cb="0"/><line nr="32" mi="4" ci="0" mb="0" cb="0"/><line nr="33" mi="4" ci="0" mb="0" cb="0"/><line nr="34" mi="4" ci="0" mb="0" cb="0"/><line nr="35" mi="1" ci="0" mb="0" cb="0"/><line nr="39" mi="4" ci="0" mb="0" cb="0"/><line nr="40" mi="2" ci="0" mb="2" cb="0"/><line nr="41" mi="3" ci="0" mb="0" cb="0"/><line nr="42" mi="2" ci="0" mb="2" cb="0"/><line nr="43" mi="5" ci="0" mb="0" cb="0"/><line nr="45" mi="2" ci="0" mb="4" cb="0"/><line nr="47" mi="4" ci="0" mb="2" cb="0"/><line nr="48" mi="6" ci="0" mb="0" cb="0"/><line nr="50" mi="12" ci="0" mb="0" cb="0"/><line nr="53" mi="4" ci="0" mb="2" cb="0"/><line nr="54" mi="6" ci="0" mb="0" cb="0"/><line nr="56" mi="12" ci="0" mb="0" cb="0"/><line nr="59" mi="4" ci="0" mb="2" cb="0"/><line nr="60" mi="6" ci="0" mb="0" cb="0"/><line nr="62" mi="12" ci="0" mb="0" cb="0"/><line nr="66" mi="2" ci="0" mb="0" cb="0"/><line nr="71" mi="5" ci="0" mb="4" cb="0"/><line nr="72" mi="2" ci="0" mb="0" cb="0"/><line nr="74" mi="4" ci="0" mb="0" cb="0"/><line nr="75" mi="2" ci="0" mb="2" cb="0"/><line nr="76" mi="5" ci="0" mb="0" cb="0"/><line nr="77" mi="2" ci="0" mb="2" cb="0"/><line nr="78" mi="5" ci="0" mb="0" cb="0"/><line nr="80" mi="2" ci="0" mb="0" cb="0"/><line nr="83" mi="2" ci="0" mb="0" cb="0"/><line nr="88" mi="2" ci="0" mb="2" cb="0"/><line nr="89" mi="2" ci="0" mb="0" cb="0"/><line nr="91" mi="5" ci="0" mb="0" cb="0"/><line nr="92" mi="7" ci="0" mb="2" cb="0"/><line nr="97" mi="5" ci="0" mb="0" cb="0"/><line nr="98" mi="2" ci="0" mb="0" cb="0"/><line nr="103" mi="5" ci="0" mb="0" cb="0"/><line nr="104" mi="6" ci="0" mb="0" cb="0"/><line nr="105" mi="2" ci="0" mb="0" cb="0"/><line nr="109" mi="5" ci="0" mb="0" cb="0"/><line nr="112" mi="4" ci="0" mb="0" cb="0"/><line nr="113" mi="4" ci="0" mb="0" cb="0"/><line nr="114" mi="4" ci="0" mb="0" cb="0"/><line nr="115" mi="1" ci="0" mb="0" cb="0"/><line nr="119" mi="5" ci="0" mb="0" cb="0"/><line nr="122" mi="6" ci="0" mb="0" cb="0"/><line nr="123" mi="6" ci="0" mb="0" cb="0"/><line nr="124" mi="6" ci="0" mb="0" cb="0"/><line nr="125" mi="1" ci="0" mb="0" cb="0"/><counter type="INSTRUCTION" missed="214" covered="0"/><counter type="BRANCH" missed="26" covered="0"/><counter type="LINE" missed="50" covered="0"/><counter type="COMPLEXITY" missed="23" covered="0"/><counter type="METHOD" missed="9" covered="0"/><counter type="CLASS" missed="3" covered="0"/></sourcefile><sourcefile name="DataBindingTriggerClass.java"><line nr="4" mi="3" ci="0" mb="0" cb="0"/><counter type="INSTRUCTION" missed="3" covered="0"/><counter type="LINE" missed="1" covered="0"/><counter type="COMPLEXITY" missed="1" covered="0"/><counter type="METHOD" missed="1" covered="0"/><counter type="CLASS" missed="1" covered="0"/></sourcefile><sourcefile name="BR.java"><line nr="3" mi="3" ci="0" mb="0" cb="0"/><counter type="INSTRUCTION" missed="3" covered="0"/><counter type="LINE" missed="1" covered="0"/><counter type="COMPLEXITY" missed="1" covered="0"/><counter type="METHOD" missed="1" covered="0"/><counter type="CLASS" missed="1" covered="0"/></sourcefile><counter type="INSTRUCTION" missed="220" covered="0"/><counter type="BRANCH" missed="26" covered="0"/><counter type="LINE" missed="52" covered="0"/><counter type="COMPLEXITY" missed="25" covered="0"/><counter type="METHOD" missed="11" covered="0"/><counter type="CLASS" missed="5" covered="0"/></package><package name="com/jumia/myapplication/ui"><class name="com/jumia/myapplication/ui/Hilt_MainActivity$1" sourcefilename="Hilt_MainActivity.java"><method name="&lt;init&gt;" desc="(Lcom/jumia/myapplication/ui/Hilt_MainActivity;)V" line="35"><counter type="INSTRUCTION" missed="6" covered="0"/><counter type="LINE" missed="1" covered="0"/><counter type="COMPLEXITY" missed="1" covered="0"/><counter type="METHOD" missed="1" covered="0"/></method><method name="onContextAvailable" desc="(Landroid/content/Context;)V" line="38"><counter type="INSTRUCTION" missed="4" covered="0"/><counter type="LINE" missed="2" covered="0"/><counter type="COMPLEXITY" missed="1" covered="0"/><counter type="METHOD" missed="1" covered="0"/></method><counter type="INSTRUCTION" missed="10" covered="0"/><counter type="LINE" missed="3" covered="0"/><counter type="COMPLEXITY" missed="2" covered="0"/><counter type="METHOD" missed="2" covered="0"/><counter type="CLASS" missed="1" covered="0"/></class><class name="com/jumia/myapplication/ui/Hilt_MainActivity" sourcefilename="Hilt_MainActivity.java"><method name="&lt;init&gt;" desc="()V" line="20"><counter type="INSTRUCTION" missed="13" covered="0"/><counter type="LINE" missed="5" covered="0"/><counter type="COMPLEXITY" missed="1" covered="0"/><counter type="METHOD" missed="1" covered="0"/></method><method name="&lt;init&gt;" desc="(I)V" line="20"><counter type="INSTRUCTION" missed="14" covered="0"/><counter type="LINE" missed="5" covered="0"/><counter type="COMPLEXITY" missed="1" covered="0"/><counter type="METHOD" missed="1" covered="0"/></method><method name="_initHiltInternal" desc="()V" line="35"><counter type="INSTRUCTION" missed="7" covered="0"/><counter type="LINE" missed="2" covered="0"/><counter type="COMPLEXITY" missed="1" covered="0"/><counter type="METHOD" missed="1" covered="0"/></method><method name="generatedComponent" desc="()Ljava/lang/Object;" line="45"><counter type="INSTRUCTION" missed="4" covered="0"/><counter type="LINE" missed="1" covered="0"/><counter type="COMPLEXITY" missed="1" covered="0"/><counter type="METHOD" missed="1" covered="0"/></method><method name="createComponentManager" desc="()Ldagger/hilt/android/internal/managers/ActivityComponentManager;" line="49"><counter type="INSTRUCTION" missed="5" covered="0"/><counter type="LINE" missed="1" covered="0"/><counter type="COMPLEXITY" missed="1" covered="0"/><counter type="METHOD" missed="1" covered="0"/></method><method name="componentManager" desc="()Ldagger/hilt/android/internal/managers/ActivityComponentManager;" line="54"><counter type="INSTRUCTION" missed="21" covered="0"/><counter type="BRANCH" missed="4" covered="0"/><counter type="LINE" missed="6" covered="0"/><counter type="COMPLEXITY" missed="3" covered="0"/><counter type="METHOD" missed="1" covered="0"/></method><method name="inject" desc="()V" line="65"><counter type="INSTRUCTION" missed="14" covered="0"/><counter type="BRANCH" missed="2" covered="0"/><counter type="LINE" missed="4" covered="0"/><counter type="COMPLEXITY" missed="2" covered="0"/><counter type="METHOD" missed="1" covered="0"/></method><method name="getDefaultViewModelProviderFactory" desc="()Landroidx/lifecycle/ViewModelProvider$Factory;" line="73"><counter type="INSTRUCTION" missed="5" covered="0"/><counter type="LINE" missed="1" covered="0"/><counter type="COMPLEXITY" missed="1" covered="0"/><counter type="METHOD" missed="1" covered="0"/></method><counter type="INSTRUCTION" missed="83" covered="0"/><counter type="BRANCH" missed="6" covered="0"/><counter type="LINE" missed="23" covered="0"/><counter type="COMPLEXITY" missed="11" covered="0"/><counter type="METHOD" missed="8" covered="0"/><counter type="CLASS" missed="1" covered="0"/></class><class name="com/jumia/myapplication/ui/MainActivity" sourcefilename="MainActivity.kt"><method name="&lt;init&gt;" desc="()V" line="14"><counter type="INSTRUCTION" missed="3" covered="0"/><counter type="LINE" missed="1" covered="0"/><counter type="COMPLEXITY" missed="1" covered="0"/><counter type="METHOD" missed="1" covered="0"/></method><method name="onCreate" desc="(Landroid/os/Bundle;)V" line="16"><counter type="INSTRUCTION" missed="26" covered="0"/><counter type="LINE" missed="7" covered="0"/><counter type="COMPLEXITY" missed="1" covered="0"/><counter type="METHOD" missed="1" covered="0"/></method><counter type="INSTRUCTION" missed="29" covered="0"/><counter type="LINE" missed="8" covered="0"/><counter type="COMPLEXITY" missed="2" covered="0"/><counter type="METHOD" missed="2" covered="0"/><counter type="CLASS" missed="1" covered="0"/></class><sourcefile name="MainActivity.kt"><line nr="14" mi="3" ci="0" mb="0" cb="0"/><line nr="16" mi="3" ci="0" mb="0" cb="0"/><line nr="17" mi="3" ci="0" mb="0" cb="0"/><line nr="18" mi="3" ci="0" mb="0" cb="0"/><line nr="19" mi="1" ci="0" mb="0" cb="0"/><line nr="20" mi="3" ci="0" mb="0" cb="0"/><line nr="21" mi="12" ci="0" mb="0" cb="0"/><line nr="23" mi="1" ci="0" mb="0" cb="0"/><counter type="INSTRUCTION" missed="29" covered="0"/><counter type="LINE" missed="8" covered="0"/><counter type="COMPLEXITY" missed="2" covered="0"/><counter type="METHOD" missed="2" covered="0"/><counter type="CLASS" missed="1" covered="0"/></sourcefile><sourcefile name="Hilt_MainActivity.java"><line nr="20" mi="10" ci="0" mb="0" cb="0"/><line nr="22" mi="6" ci="0" mb="0" cb="0"/><line nr="25" mi="2" ci="0" mb="0" cb="0"/><line nr="26" mi="2" ci="0" mb="0" cb="0"/><line nr="27" mi="1" ci="0" mb="0" cb="0"/><line nr="30" mi="3" ci="0" mb="0" cb="0"/><line nr="31" mi="2" ci="0" mb="0" cb="0"/><line nr="32" mi="1" ci="0" mb="0" cb="0"/><line nr="35" mi="12" ci="0" mb="0" cb="0"/><line nr="38" mi="3" ci="0" mb="0" cb="0"/><line nr="39" mi="1" ci="0" mb="0" cb="0"/><line nr="41" mi="1" ci="0" mb="0" cb="0"/><line nr="45" mi="4" ci="0" mb="0" cb="0"/><line nr="49" mi="5" ci="0" mb="0" cb="0"/><line nr="54" mi="3" ci="0" mb="2" cb="0"/><line nr="55" mi="5" ci="0" mb="0" cb="0"/><line nr="56" mi="3" ci="0" mb="2" cb="0"/><line nr="57" mi="4" ci="0" mb="0" cb="0"/><line nr="59" mi="3" ci="0" mb="0" cb="0"/><line nr="61" mi="3" ci="0" mb="0" cb="0"/><line nr="65" mi="3" ci="0" mb="2" cb="0"/><line nr="66" mi="3" ci="0" mb="0" cb="0"/><line nr="67" mi="7" ci="0" mb="0" cb="0"/><line nr="69" mi="1" ci="0" mb="0" cb="0"/><line nr="73" mi="5" ci="0" mb="0" cb="0"/><counter type="INSTRUCTION" missed="93" covered="0"/><counter type="BRANCH" missed="6" covered="0"/><counter type="LINE" missed="25" covered="0"/><counter type="COMPLEXITY" missed="13" covered="0"/><counter type="METHOD" missed="10" covered="0"/><counter type="CLASS" missed="2" covered="0"/></sourcefile><counter type="INSTRUCTION" missed="122" covered="0"/><counter type="BRANCH" missed="6" covered="0"/><counter type="LINE" missed="33" covered="0"/><counter type="COMPLEXITY" missed="15" covered="0"/><counter type="METHOD" missed="12" covered="0"/><counter type="CLASS" missed="3" covered="0"/></package><package name="com/jumia/myapplication/ui/app"><class name="com/jumia/myapplication/ui/app/DaggerJumiaApp_HiltComponents_SingletonC$ActivityRetainedCImpl$ViewModelCImpl" sourcefilename="DaggerJumiaApp_HiltComponents_SingletonC.java"><method name="&lt;init&gt;" desc="(Lcom/jumia/myapplication/ui/app/DaggerJumiaApp_HiltComponents_SingletonC;Lcom/jumia/myapplication/ui/app/DaggerJumiaApp_HiltComponents_SingletonC$ActivityRetainedCImpl;Landroidx/lifecycle/SavedStateHandle;)V" line="485"><counter type="INSTRUCTION" missed="12" covered="0"/><counter type="LINE" missed="5" covered="0"/><counter type="COMPLEXITY" missed="1" covered="0"/><counter type="METHOD" missed="1" covered="0"/></method><method name="configurationViewModel" desc="()Lcom/jumia/myapplication/ui/splash/ConfigurationViewModel;" line="500"><counter type="INSTRUCTION" missed="7" covered="0"/><counter type="LINE" missed="1" covered="0"/><counter type="COMPLEXITY" missed="1" covered="0"/><counter type="METHOD" missed="1" covered="0"/></method><method name="configurationViewModelProvider" desc="()Ljavax/inject/Provider;" line="504"><counter type="INSTRUCTION" missed="23" covered="0"/><counter type="BRANCH" missed="2" covered="0"/><counter type="LINE" missed="5" covered="0"/><counter type="COMPLEXITY" missed="2" covered="0"/><counter type="METHOD" missed="1" covered="0"/></method><method name="productViewModel" desc="()Lcom/jumia/myapplication/ui/products/ProductViewModel;" line="513"><counter type="INSTRUCTION" missed="7" covered="0"/><counter type="LINE" missed="1" covered="0"/><counter type="COMPLEXITY" missed="1" covered="0"/><counter type="METHOD" missed="1" covered="0"/></method><method name="productViewModelProvider" desc="()Ljavax/inject/Provider;" line="517"><counter type="INSTRUCTION" missed="23" covered="0"/><counter type="BRANCH" missed="2" covered="0"/><counter type="LINE" missed="5" covered="0"/><counter type="COMPLEXITY" missed="2" covered="0"/><counter type="METHOD" missed="1" covered="0"/></method><method name="getHiltViewModelMap" desc="()Ljava/util/Map;" line="527"><counter type="INSTRUCTION" missed="12" covered="0"/><counter type="LINE" missed="1" covered="0"/><counter type="COMPLEXITY" missed="1" covered="0"/><counter type="METHOD" missed="1" covered="0"/></method><counter type="INSTRUCTION" missed="84" covered="0"/><counter type="BRANCH" missed="4" covered="0"/><counter type="LINE" missed="18" covered="0"/><counter type="COMPLEXITY" missed="8" covered="0"/><counter type="METHOD" missed="6" covered="0"/><counter type="CLASS" missed="1" covered="0"/></class><class name="com/jumia/myapplication/ui/app/DaggerJumiaApp_HiltComponents_SingletonC$ActivityRetainedCImpl$ActivityCImpl$FragmentCI$ViewWithFragmentCBuilder" sourcefilename="DaggerJumiaApp_HiltComponents_SingletonC.java"><method name="&lt;init&gt;" desc="(Lcom/jumia/myapplication/ui/app/DaggerJumiaApp_HiltComponents_SingletonC;Lcom/jumia/myapplication/ui/app/DaggerJumiaApp_HiltComponents_SingletonC$ActivityRetainedCImpl;Lcom/jumia/myapplication/ui/app/DaggerJumiaApp_HiltComponents_SingletonC$ActivityRetainedCImpl$ActivityCImpl;Lcom/jumia/myapplication/ui/app/DaggerJumiaApp_HiltComponents_SingletonC$ActivityRetainedCImpl$ActivityCImpl$FragmentCI;)V" line="360"><counter type="INSTRUCTION" missed="15" covered="0"/><counter type="LINE" missed="6" covered="0"/><counter type="COMPLEXITY" missed="1" covered="0"/><counter type="METHOD" missed="1" covered="0"/></method><method name="view" desc="(Landroid/view/View;)Lcom/jumia/myapplication/ui/app/DaggerJumiaApp_HiltComponents_SingletonC$ActivityRetainedCImpl$ActivityCImpl$FragmentCI$ViewWithFragmentCBuilder;" line="369"><counter type="INSTRUCTION" missed="7" covered="0"/><counter type="LINE" missed="2" covered="0"/><counter type="COMPLEXITY" missed="1" covered="0"/><counter type="METHOD" missed="1" covered="0"/></method><method name="build" desc="()Lcom/jumia/myapplication/ui/app/JumiaApp_HiltComponents$ViewWithFragmentC;" line="375"><counter type="INSTRUCTION" missed="19" covered="0"/><counter type="LINE" missed="2" covered="0"/><counter type="COMPLEXITY" missed="1" covered="0"/><counter type="METHOD" missed="1" covered="0"/></method><counter type="INSTRUCTION" missed="41" covered="0"/><counter type="LINE" missed="10" covered="0"/><counter type="COMPLEXITY" missed="3" covered="0"/><counter type="METHOD" missed="3" covered="0"/><counter type="CLASS" missed="1" covered="0"/></class><class name="com/jumia/myapplication/ui/app/JumiaApp_ComponentTreeDeps" sourcefilename="JumiaApp_ComponentTreeDeps.java"><method name="&lt;init&gt;" desc="()V" line="95"><counter type="INSTRUCTION" missed="3" covered="0"/><counter type="LINE" missed="1" covered="0"/><counter type="COMPLEXITY" missed="1" covered="0"/><counter type="METHOD" missed="1" covered="0"/></method><counter type="INSTRUCTION" missed="3" covered="0"/><counter type="LINE" missed="1" covered="0"/><counter type="COMPLEXITY" missed="1" covered="0"/><counter type="METHOD" missed="1" covered="0"/><counter type="CLASS" missed="1" covered="0"/></class><class name="com/jumia/myapplication/ui/app/JumiaApp_HiltComponents$ActivityC" sourcefilename="JumiaApp_HiltComponents.java"><method name="&lt;init&gt;" desc="()V" line="173"><counter type="INSTRUCTION" missed="3" covered="0"/><counter type="LINE" missed="1" covered="0"/><counter type="COMPLEXITY" missed="1" covered="0"/><counter type="METHOD" missed="1" covered="0"/></method><counter type="INSTRUCTION" missed="3" covered="0"/><counter type="LINE" missed="1" covered="0"/><counter type="COMPLEXITY" missed="1" covered="0"/><counter type="METHOD" missed="1" covered="0"/><counter type="CLASS" missed="1" covered="0"/></class><class name="com/jumia/myapplication/ui/app/DaggerJumiaApp_HiltComponents_SingletonC$ActivityRetainedCImpl$ActivityCImpl$ViewCI" sourcefilename="DaggerJumiaApp_HiltComponents_SingletonC.java"><method name="&lt;init&gt;" desc="(Lcom/jumia/myapplication/ui/app/DaggerJumiaApp_HiltComponents_SingletonC;Lcom/jumia/myapplication/ui/app/DaggerJumiaApp_HiltComponents_SingletonC$ActivityRetainedCImpl;Lcom/jumia/myapplication/ui/app/DaggerJumiaApp_HiltComponents_SingletonC$ActivityRetainedCImpl$ActivityCImpl;Landroid/view/View;)V" line="440"><counter type="INSTRUCTION" missed="15" covered="0"/><counter type="LINE" missed="6" covered="0"/><counter type="COMPLEXITY" missed="1" covered="0"/><counter type="METHOD" missed="1" covered="0"/></method><counter type="INSTRUCTION" missed="15" covered="0"/><counter type="LINE" missed="6" covered="0"/><counter type="COMPLEXITY" missed="1" covered="0"/><counter type="METHOD" missed="1" covered="0"/><counter type="CLASS" missed="1" covered="0"/></class><class name="com/jumia/myapplication/ui/app/JumiaApp_HiltComponents$ServiceC" sourcefilename="JumiaApp_HiltComponents.java"><method name="&lt;init&gt;" desc="()V" line="138"><counter type="INSTRUCTION" missed="3" covered="0"/><counter type="LINE" missed="1" covered="0"/><counter type="COMPLEXITY" missed="1" covered="0"/><counter type="METHOD" missed="1" covered="0"/></method><counter type="INSTRUCTION" missed="3" covered="0"/><counter type="LINE" missed="1" covered="0"/><counter type="COMPLEXITY" missed="1" covered="0"/><counter type="METHOD" missed="1" covered="0"/><counter type="CLASS" missed="1" covered="0"/></class><class name="com/jumia/myapplication/ui/app/DaggerJumiaApp_HiltComponents_SingletonC$ActivityRetainedCImpl" sourcefilename="DaggerJumiaApp_HiltComponents_SingletonC.java"><method name="&lt;init&gt;" desc="(Lcom/jumia/myapplication/ui/app/DaggerJumiaApp_HiltComponents_SingletonC;)V" line="173"><counter type="INSTRUCTION" missed="14" covered="0"/><counter type="LINE" missed="5" covered="0"/><counter type="COMPLEXITY" missed="1" covered="0"/><counter type="METHOD" missed="1" covered="0"/></method><method name="lifecycle" desc="()Ljava/lang/Object;" line="184"><counter type="INSTRUCTION" missed="29" covered="0"/><counter type="BRANCH" missed="4" covered="0"/><counter type="LINE" missed="9" covered="0"/><counter type="COMPLEXITY" missed="3" covered="0"/><counter type="METHOD" missed="1" covered="0"/></method><method name="activityComponentBuilder" desc="()Ldagger/hilt/android/internal/builders/ActivityComponentBuilder;" line="199"><counter type="INSTRUCTION" missed="9" covered="0"/><counter type="LINE" missed="1" covered="0"/><counter type="COMPLEXITY" missed="1" covered="0"/><counter type="METHOD" missed="1" covered="0"/></method><method name="getActivityRetainedLifecycle" desc="()Ldagger/hilt/android/ActivityRetainedLifecycle;" line="204"><counter type="INSTRUCTION" missed="4" covered="0"/><counter type="LINE" missed="1" covered="0"/><counter type="COMPLEXITY" missed="1" covered="0"/><counter type="METHOD" missed="1" covered="0"/></method><counter type="INSTRUCTION" missed="56" covered="0"/><counter type="BRANCH" missed="4" covered="0"/><counter type="LINE" missed="16" covered="0"/><counter type="COMPLEXITY" missed="6" covered="0"/><counter type="METHOD" missed="4" covered="0"/><counter type="CLASS" missed="1" covered="0"/></class><class name="com/jumia/myapplication/ui/app/DaggerJumiaApp_HiltComponents_SingletonC$ActivityRetainedCImpl$ActivityCImpl" sourcefilename="DaggerJumiaApp_HiltComponents_SingletonC.java"><method name="&lt;init&gt;" desc="(Lcom/jumia/myapplication/ui/app/DaggerJumiaApp_HiltComponents_SingletonC;Lcom/jumia/myapplication/ui/app/DaggerJumiaApp_HiltComponents_SingletonC$ActivityRetainedCImpl;Landroid/app/Activity;)V" line="238"><counter type="INSTRUCTION" missed="12" covered="0"/><counter type="LINE" missed="5" covered="0"/><counter type="COMPLEXITY" missed="1" covered="0"/><counter type="METHOD" missed="1" covered="0"/></method><method name="injectMainActivity" desc="(Lcom/jumia/myapplication/ui/MainActivity;)V" line="250"><counter type="INSTRUCTION" missed="1" covered="0"/><counter type="LINE" missed="1" covered="0"/><counter type="COMPLEXITY" missed="1" covered="0"/><counter type="METHOD" missed="1" covered="0"/></method><method name="injectSplashActivity" desc="(Lcom/jumia/myapplication/ui/splash/SplashActivity;)V" line="254"><counter type="INSTRUCTION" missed="1" covered="0"/><counter type="LINE" missed="1" covered="0"/><counter type="COMPLEXITY" missed="1" covered="0"/><counter type="METHOD" missed="1" covered="0"/></method><method name="getHiltInternalFactoryFactory" desc="()Ldagger/hilt/android/internal/lifecycle/DefaultViewModelFactories$InternalFactoryFactory;" line="258"><counter type="INSTRUCTION" missed="16" covered="0"/><counter type="LINE" missed="1" covered="0"/><counter type="COMPLEXITY" missed="1" covered="0"/><counter type="METHOD" missed="1" covered="0"/></method><method name="getViewModelKeys" desc="()Ljava/util/Set;" line="263"><counter type="INSTRUCTION" missed="8" covered="0"/><counter type="LINE" missed="1" covered="0"/><counter type="COMPLEXITY" missed="1" covered="0"/><counter type="METHOD" missed="1" covered="0"/></method><method name="getViewModelComponentBuilder" desc="()Ldagger/hilt/android/internal/builders/ViewModelComponentBuilder;" line="268"><counter type="INSTRUCTION" missed="9" covered="0"/><counter type="LINE" missed="1" covered="0"/><counter type="COMPLEXITY" missed="1" covered="0"/><counter type="METHOD" missed="1" covered="0"/></method><method name="fragmentComponentBuilder" desc="()Ldagger/hilt/android/internal/builders/FragmentComponentBuilder;" line="273"><counter type="INSTRUCTION" missed="11" covered="0"/><counter type="LINE" missed="1" covered="0"/><counter type="COMPLEXITY" missed="1" covered="0"/><counter type="METHOD" missed="1" covered="0"/></method><method name="viewComponentBuilder" desc="()Ldagger/hilt/android/internal/builders/ViewComponentBuilder;" line="278"><counter type="INSTRUCTION" missed="11" covered="0"/><counter type="LINE" missed="1" covered="0"/><counter type="COMPLEXITY" missed="1" covered="0"/><counter type="METHOD" missed="1" covered="0"/></method><counter type="INSTRUCTION" missed="69" covered="0"/><counter type="LINE" missed="12" covered="0"/><counter type="COMPLEXITY" missed="8" covered="0"/><counter type="METHOD" missed="8" covered="0"/><counter type="CLASS" missed="1" covered="0"/></class><class name="com/jumia/myapplication/ui/app/JumiaApp_HiltComponents$ViewModelC" sourcefilename="JumiaApp_HiltComponents.java"><method name="&lt;init&gt;" desc="()V" line="194"><counter type="INSTRUCTION" missed="3" covered="0"/><counter type="LINE" missed="1" covered="0"/><counter type="COMPLEXITY" missed="1" covered="0"/><counter type="METHOD" missed="1" covered="0"/></method><counter type="INSTRUCTION" missed="3" covered="0"/><counter type="LINE" missed="1" covered="0"/><counter type="COMPLEXITY" missed="1" covered="0"/><counter type="METHOD" missed="1" covered="0"/><counter type="CLASS" missed="1" covered="0"/></class><class name="com/jumia/myapplication/ui/app/DaggerJumiaApp_HiltComponents_SingletonC$ServiceCImpl" sourcefilename="DaggerJumiaApp_HiltComponents_SingletonC.java"><method name="&lt;init&gt;" desc="(Lcom/jumia/myapplication/ui/app/DaggerJumiaApp_HiltComponents_SingletonC;Landroid/app/Service;)V" line="589"><counter type="INSTRUCTION" missed="9" covered="0"/><counter type="LINE" missed="4" covered="0"/><counter type="COMPLEXITY" missed="1" covered="0"/><counter type="METHOD" missed="1" covered="0"/></method><counter type="INSTRUCTION" missed="9" covered="0"/><counter type="LINE" missed="4" covered="0"/><counter type="COMPLEXITY" missed="1" covered="0"/><counter type="METHOD" missed="1" covered="0"/><counter type="CLASS" missed="1" covered="0"/></class><class name="com/jumia/myapplication/ui/app/DaggerJumiaApp_HiltComponents_SingletonC$ActivityRetainedCImpl$ActivityCImpl$FragmentCI$ViewWithFragmentCI" sourcefilename="DaggerJumiaApp_HiltComponents_SingletonC.java"><method name="&lt;init&gt;" desc="(Lcom/jumia/myapplication/ui/app/DaggerJumiaApp_HiltComponents_SingletonC;Lcom/jumia/myapplication/ui/app/DaggerJumiaApp_HiltComponents_SingletonC$ActivityRetainedCImpl;Lcom/jumia/myapplication/ui/app/DaggerJumiaApp_HiltComponents_SingletonC$ActivityRetainedCImpl$ActivityCImpl;Lcom/jumia/myapplication/ui/app/DaggerJumiaApp_HiltComponents_SingletonC$ActivityRetainedCImpl$ActivityCImpl$FragmentCI;Landroid/view/View;)V" line="389"><counter type="INSTRUCTION" missed="18" covered="0"/><counter type="LINE" missed="7" covered="0"/><counter type="COMPLEXITY" missed="1" covered="0"/><counter type="METHOD" missed="1" covered="0"/></method><counter type="INSTRUCTION" missed="18" covered="0"/><counter type="LINE" missed="7" covered="0"/><counter type="COMPLEXITY" missed="1" covered="0"/><counter type="METHOD" missed="1" covered="0"/><counter type="CLASS" missed="1" covered="0"/></class><class name="com/jumia/myapplication/ui/app/DaggerJumiaApp_HiltComponents_SingletonC$ActivityRetainedCImpl$ViewModelCBuilder" sourcefilename="DaggerJumiaApp_HiltComponents_SingletonC.java"><method name="&lt;init&gt;" desc="(Lcom/jumia/myapplication/ui/app/DaggerJumiaApp_HiltComponents_SingletonC;Lcom/jumia/myapplication/ui/app/DaggerJumiaApp_HiltComponents_SingletonC$ActivityRetainedCImpl;)V" line="462"><counter type="INSTRUCTION" missed="9" covered="0"/><counter type="LINE" missed="4" covered="0"/><counter type="COMPLEXITY" missed="1" covered="0"/><counter type="METHOD" missed="1" covered="0"/></method><method name="savedStateHandle" desc="(Landroidx/lifecycle/SavedStateHandle;)Lcom/jumia/myapplication/ui/app/DaggerJumiaApp_HiltComponents_SingletonC$ActivityRetainedCImpl$ViewModelCBuilder;" line="469"><counter type="INSTRUCTION" missed="7" covered="0"/><counter type="LINE" missed="2" covered="0"/><counter type="COMPLEXITY" missed="1" covered="0"/><counter type="METHOD" missed="1" covered="0"/></method><method name="build" desc="()Lcom/jumia/myapplication/ui/app/JumiaApp_HiltComponents$ViewModelC;" line="475"><counter type="INSTRUCTION" missed="15" covered="0"/><counter type="LINE" missed="2" covered="0"/><counter type="COMPLEXITY" missed="1" covered="0"/><counter type="METHOD" missed="1" covered="0"/></method><counter type="INSTRUCTION" missed="31" covered="0"/><counter type="LINE" missed="8" covered="0"/><counter type="COMPLEXITY" missed="3" covered="0"/><counter type="METHOD" missed="3" covered="0"/><counter type="CLASS" missed="1" covered="0"/></class><class name="com/jumia/myapplication/ui/app/JumiaApp_HiltComponents$ViewWithFragmentC" sourcefilename="JumiaApp_HiltComponents.java"><method name="&lt;init&gt;" desc="()V" line="228"><counter type="INSTRUCTION" missed="3" covered="0"/><counter type="LINE" missed="1" covered="0"/><counter type="COMPLEXITY" missed="1" covered="0"/><counter type="METHOD" missed="1" covered="0"/></method><counter type="INSTRUCTION" missed="3" covered="0"/><counter type="LINE" missed="1" covered="0"/><counter type="COMPLEXITY" missed="1" covered="0"/><counter type="METHOD" missed="1" covered="0"/><counter type="CLASS" missed="1" covered="0"/></class><class name="com/jumia/myapplication/ui/app/DaggerJumiaApp_HiltComponents_SingletonC$ServiceCBuilder" sourcefilename="DaggerJumiaApp_HiltComponents_SingletonC.java"><method name="&lt;init&gt;" desc="(Lcom/jumia/myapplication/ui/app/DaggerJumiaApp_HiltComponents_SingletonC;)V" line="569"><counter type="INSTRUCTION" missed="6" covered="0"/><counter type="LINE" missed="3" covered="0"/><counter type="COMPLEXITY" missed="1" covered="0"/><counter type="METHOD" missed="1" covered="0"/></method><method name="service" desc="(Landroid/app/Service;)Lcom/jumia/myapplication/ui/app/DaggerJumiaApp_HiltComponents_SingletonC$ServiceCBuilder;" line="575"><counter type="INSTRUCTION" missed="7" covered="0"/><counter type="LINE" missed="2" covered="0"/><counter type="COMPLEXITY" missed="1" covered="0"/><counter type="METHOD" missed="1" covered="0"/></method><method name="build" desc="()Lcom/jumia/myapplication/ui/app/JumiaApp_HiltComponents$ServiceC;" line="581"><counter type="INSTRUCTION" missed="13" covered="0"/><counter type="LINE" missed="2" covered="0"/><counter type="COMPLEXITY" missed="1" covered="0"/><counter type="METHOD" missed="1" covered="0"/></method><counter type="INSTRUCTION" missed="26" covered="0"/><counter type="LINE" missed="7" covered="0"/><counter type="COMPLEXITY" missed="3" covered="0"/><counter type="METHOD" missed="3" covered="0"/><counter type="CLASS" missed="1" covered="0"/></class><class name="com/jumia/myapplication/ui/app/DaggerJumiaApp_HiltComponents_SingletonC$ActivityRetainedCImpl$ActivityCBuilder" sourcefilename="DaggerJumiaApp_HiltComponents_SingletonC.java"><method name="&lt;init&gt;" desc="(Lcom/jumia/myapplication/ui/app/DaggerJumiaApp_HiltComponents_SingletonC;Lcom/jumia/myapplication/ui/app/DaggerJumiaApp_HiltComponents_SingletonC$ActivityRetainedCImpl;)V" line="215"><counter type="INSTRUCTION" missed="9" covered="0"/><counter type="LINE" missed="4" covered="0"/><counter type="COMPLEXITY" missed="1" covered="0"/><counter type="METHOD" missed="1" covered="0"/></method><method name="activity" desc="(Landroid/app/Activity;)Lcom/jumia/myapplication/ui/app/DaggerJumiaApp_HiltComponents_SingletonC$ActivityRetainedCImpl$ActivityCBuilder;" line="222"><counter type="INSTRUCTION" missed="7" covered="0"/><counter type="LINE" missed="2" covered="0"/><counter type="COMPLEXITY" missed="1" covered="0"/><counter type="METHOD" missed="1" covered="0"/></method><method name="build" desc="()Lcom/jumia/myapplication/ui/app/JumiaApp_HiltComponents$ActivityC;" line="228"><counter type="INSTRUCTION" missed="15" covered="0"/><counter type="LINE" missed="2" covered="0"/><counter type="COMPLEXITY" missed="1" covered="0"/><counter type="METHOD" missed="1" covered="0"/></method><counter type="INSTRUCTION" missed="31" covered="0"/><counter type="LINE" missed="8" covered="0"/><counter type="COMPLEXITY" missed="3" covered="0"/><counter type="METHOD" missed="3" covered="0"/><counter type="CLASS" missed="1" covered="0"/></class><class name="com/jumia/myapplication/ui/app/DaggerJumiaApp_HiltComponents_SingletonC$ActivityRetainedCImpl$ViewModelCImpl$SwitchingProvider" sourcefilename="DaggerJumiaApp_HiltComponents_SingletonC.java"><method name="&lt;init&gt;" desc="(Lcom/jumia/myapplication/ui/app/DaggerJumiaApp_HiltComponents_SingletonC;Lcom/jumia/myapplication/ui/app/DaggerJumiaApp_HiltComponents_SingletonC$ActivityRetainedCImpl;Lcom/jumia/myapplication/ui/app/DaggerJumiaApp_HiltComponents_SingletonC$ActivityRetainedCImpl$ViewModelCImpl;I)V" line="540"><counter type="INSTRUCTION" missed="15" covered="0"/><counter type="LINE" missed="6" covered="0"/><counter type="COMPLEXITY" missed="1" covered="0"/><counter type="METHOD" missed="1" covered="0"/></method><method name="get" desc="()Ljava/lang/Object;" line="550"><counter type="INSTRUCTION" missed="17" covered="0"/><counter type="BRANCH" missed="3" covered="0"/><counter type="LINE" missed="4" covered="0"/><counter type="COMPLEXITY" missed="3" covered="0"/><counter type="METHOD" missed="1" covered="0"/></method><counter type="INSTRUCTION" missed="32" covered="0"/><counter type="BRANCH" missed="3" covered="0"/><counter type="LINE" missed="10" covered="0"/><counter type="COMPLEXITY" missed="4" covered="0"/><counter type="METHOD" missed="2" covered="0"/><counter type="CLASS" missed="1" covered="0"/></class><class name="com/jumia/myapplication/ui/app/JumiaApp_HiltComponents$SingletonC" sourcefilename="JumiaApp_HiltComponents.java"><method name="&lt;init&gt;" desc="()V" line="129"><counter type="INSTRUCTION" missed="0" covered="3"/><counter type="LINE" missed="0" covered="1"/><counter type="COMPLEXITY" missed="0" covered="1"/><counter type="METHOD" missed="0" covered="1"/></method><counter type="INSTRUCTION" missed="0" covered="3"/><counter type="LINE" missed="0" covered="1"/><counter type="COMPLEXITY" missed="0" covered="1"/><counter type="METHOD" missed="0" covered="1"/><counter type="CLASS" missed="0" covered="1"/></class><class name="com/jumia/myapplication/ui/app/DaggerJumiaApp_HiltComponents_SingletonC$Builder" sourcefilename="DaggerJumiaApp_HiltComponents_SingletonC.java"><method name="appModule" desc="(Lcom/jumia/myapplication/ui/di/AppModule;)Lcom/jumia/myapplication/ui/app/DaggerJumiaApp_HiltComponents_SingletonC$Builder;" line="142"><counter type="INSTRUCTION" missed="5" covered="0"/><counter type="LINE" missed="2" covered="0"/><counter type="COMPLEXITY" missed="1" covered="0"/><counter type="METHOD" missed="1" covered="0"/></method><method name="applicationContextModule" desc="(Ldagger/hilt/android/internal/modules/ApplicationContextModule;)Lcom/jumia/myapplication/ui/app/DaggerJumiaApp_HiltComponents_SingletonC$Builder;" line="147"><counter type="INSTRUCTION" missed="0" covered="7"/><counter type="LINE" missed="0" covered="2"/><counter type="COMPLEXITY" missed="0" covered="1"/><counter type="METHOD" missed="0" covered="1"/></method><method name="build" desc="()Lcom/jumia/myapplication/ui/app/JumiaApp_HiltComponents$SingletonC;" line="152"><counter type="INSTRUCTION" missed="0" covered="11"/><counter type="LINE" missed="0" covered="2"/><counter type="COMPLEXITY" missed="0" covered="1"/><counter type="METHOD" missed="0" covered="1"/></method><counter type="INSTRUCTION" missed="5" covered="18"/><counter type="LINE" missed="2" covered="4"/><counter type="COMPLEXITY" missed="1" covered="2"/><counter type="METHOD" missed="1" covered="2"/><counter type="CLASS" missed="0" covered="1"/></class><class name="com/jumia/myapplication/ui/app/JumiaApp_HiltComponents$FragmentC" sourcefilename="JumiaApp_HiltComponents.java"><method name="&lt;init&gt;" desc="()V" line="215"><counter type="INSTRUCTION" missed="3" covered="0"/><counter type="LINE" missed="1" covered="0"/><counter type="COMPLEXITY" missed="1" covered="0"/><counter type="METHOD" missed="1" covered="0"/></method><counter type="INSTRUCTION" missed="3" covered="0"/><counter type="LINE" missed="1" covered="0"/><counter type="COMPLEXITY" missed="1" covered="0"/><counter type="METHOD" missed="1" covered="0"/><counter type="CLASS" missed="1" covered="0"/></class><class name="com/jumia/myapplication/ui/app/Hilt_JumiaApp$1" sourcefilename="Hilt_JumiaApp.java"><method name="&lt;init&gt;" desc="(Lcom/jumia/myapplication/ui/app/Hilt_JumiaApp;)V" line="17"><counter type="INSTRUCTION" missed="0" covered="6"/><counter type="LINE" missed="0" covered="1"/><counter type="COMPLEXITY" missed="0" covered="1"/><counter type="METHOD" missed="0" covered="1"/></method><method name="get" desc="()Ljava/lang/Object;" line="20"><counter type="INSTRUCTION" missed="0" covered="9"/><counter type="LINE" missed="0" covered="3"/><counter type="COMPLEXITY" missed="0" covered="1"/><counter type="METHOD" missed="0" covered="1"/></method><counter type="INSTRUCTION" missed="0" covered="15"/><counter type="LINE" missed="0" covered="4"/><counter type="COMPLEXITY" missed="0" covered="2"/><counter type="METHOD" missed="0" covered="2"/><counter type="CLASS" missed="0" covered="1"/></class><class name="com/jumia/myapplication/ui/app/JumiaApp" sourcefilename="JumiaApp.kt"><method name="&lt;init&gt;" desc="()V" line="7"><counter type="INSTRUCTION" missed="0" covered="3"/><counter type="LINE" missed="0" covered="1"/><counter type="COMPLEXITY" missed="0" covered="1"/><counter type="METHOD" missed="0" covered="1"/></method><counter type="INSTRUCTION" missed="0" covered="3"/><counter type="LINE" missed="0" covered="1"/><counter type="COMPLEXITY" missed="0" covered="1"/><counter type="METHOD" missed="0" covered="1"/><counter type="CLASS" missed="0" covered="1"/></class><class name="com/jumia/myapplication/ui/app/JumiaApp_HiltComponents$ViewC" sourcefilename="JumiaApp_HiltComponents.java"><method name="&lt;init&gt;" desc="()V" line="204"><counter type="INSTRUCTION" missed="3" covered="0"/><counter type="LINE" missed="1" covered="0"/><counter type="COMPLEXITY" missed="1" covered="0"/><counter type="METHOD" missed="1" covered="0"/></method><counter type="INSTRUCTION" missed="3" covered="0"/><counter type="LINE" missed="1" covered="0"/><counter type="COMPLEXITY" missed="1" covered="0"/><counter type="METHOD" missed="1" covered="0"/><counter type="CLASS" missed="1" covered="0"/></class><class name="com/jumia/myapplication/ui/app/Hilt_JumiaApp" sourcefilename="Hilt_JumiaApp.java"><method name="&lt;init&gt;" desc="()V" line="16"><counter type="INSTRUCTION" missed="0" covered="12"/><counter type="LINE" missed="0" covered="2"/><counter type="COMPLEXITY" missed="0" covered="1"/><counter type="METHOD" missed="0" covered="1"/></method><method name="componentManager" desc="()Ldagger/hilt/android/internal/managers/ApplicationComponentManager;" line="28"><counter type="INSTRUCTION" missed="0" covered="3"/><counter type="LINE" missed="0" covered="1"/><counter type="COMPLEXITY" missed="0" covered="1"/><counter type="METHOD" missed="0" covered="1"/></method><method name="generatedComponent" desc="()Ljava/lang/Object;" line="33"><counter type="INSTRUCTION" missed="0" covered="4"/><counter type="LINE" missed="0" covered="1"/><counter type="COMPLEXITY" missed="0" covered="1"/><counter type="METHOD" missed="0" covered="1"/></method><method name="onCreate" desc="()V" line="41"><counter type="INSTRUCTION" missed="0" covered="10"/><counter type="LINE" missed="0" covered="3"/><counter type="COMPLEXITY" missed="0" covered="1"/><counter type="METHOD" missed="0" covered="1"/></method><counter type="INSTRUCTION" missed="0" covered="29"/><counter type="LINE" missed="0" covered="7"/><counter type="COMPLEXITY" missed="0" covered="4"/><counter type="METHOD" missed="0" covered="4"/><counter type="CLASS" missed="0" covered="1"/></class><class name="com/jumia/myapplication/ui/app/DaggerJumiaApp_HiltComponents_SingletonC$ActivityRetainedCImpl$ActivityCImpl$ViewCBuilder" sourcefilename="DaggerJumiaApp_HiltComponents_SingletonC.java"><method name="&lt;init&gt;" desc="(Lcom/jumia/myapplication/ui/app/DaggerJumiaApp_HiltComponents_SingletonC;Lcom/jumia/myapplication/ui/app/DaggerJumiaApp_HiltComponents_SingletonC$ActivityRetainedCImpl;Lcom/jumia/myapplication/ui/app/DaggerJumiaApp_HiltComponents_SingletonC$ActivityRetainedCImpl$ActivityCImpl;)V" line="414"><counter type="INSTRUCTION" missed="12" covered="0"/><counter type="LINE" missed="5" covered="0"/><counter type="COMPLEXITY" missed="1" covered="0"/><counter type="METHOD" missed="1" covered="0"/></method><method name="view" desc="(Landroid/view/View;)Lcom/jumia/myapplication/ui/app/DaggerJumiaApp_HiltComponents_SingletonC$ActivityRetainedCImpl$ActivityCImpl$ViewCBuilder;" line="422"><counter type="INSTRUCTION" missed="7" covered="0"/><counter type="LINE" missed="2" covered="0"/><counter type="COMPLEXITY" missed="1" covered="0"/><counter type="METHOD" missed="1" covered="0"/></method><method name="build" desc="()Lcom/jumia/myapplication/ui/app/JumiaApp_HiltComponents$ViewC;" line="428"><counter type="INSTRUCTION" missed="17" covered="0"/><counter type="LINE" missed="2" covered="0"/><counter type="COMPLEXITY" missed="1" covered="0"/><counter type="METHOD" missed="1" covered="0"/></method><counter type="INSTRUCTION" missed="36" covered="0"/><counter type="LINE" missed="9" covered="0"/><counter type="COMPLEXITY" missed="3" covered="0"/><counter type="METHOD" missed="3" covered="0"/><counter type="CLASS" missed="1" covered="0"/></class><class name="com/jumia/myapplication/ui/app/DaggerJumiaApp_HiltComponents_SingletonC$ActivityRetainedCImpl$ActivityCImpl$FragmentCBuilder" sourcefilename="DaggerJumiaApp_HiltComponents_SingletonC.java"><method name="&lt;init&gt;" desc="(Lcom/jumia/myapplication/ui/app/DaggerJumiaApp_HiltComponents_SingletonC;Lcom/jumia/myapplication/ui/app/DaggerJumiaApp_HiltComponents_SingletonC$ActivityRetainedCImpl;Lcom/jumia/myapplication/ui/app/DaggerJumiaApp_HiltComponents_SingletonC$ActivityRetainedCImpl$ActivityCImpl;)V" line="291"><counter type="INSTRUCTION" missed="12" covered="0"/><counter type="LINE" missed="5" covered="0"/><counter type="COMPLEXITY" missed="1" covered="0"/><counter type="METHOD" missed="1" covered="0"/></method><method name="fragment" desc="(Landroidx/fragment/app/Fragment;)Lcom/jumia/myapplication/ui/app/DaggerJumiaApp_HiltComponents_SingletonC$ActivityRetainedCImpl$ActivityCImpl$FragmentCBuilder;" line="299"><counter type="INSTRUCTION" missed="7" covered="0"/><counter type="LINE" missed="2" covered="0"/><counter type="COMPLEXITY" missed="1" covered="0"/><counter type="METHOD" missed="1" covered="0"/></method><method name="build" desc="()Lcom/jumia/myapplication/ui/app/JumiaApp_HiltComponents$FragmentC;" line="305"><counter type="INSTRUCTION" missed="17" covered="0"/><counter type="LINE" missed="2" covered="0"/><counter type="COMPLEXITY" missed="1" covered="0"/><counter type="METHOD" missed="1" covered="0"/></method><counter type="INSTRUCTION" missed="36" covered="0"/><counter type="LINE" missed="9" covered="0"/><counter type="COMPLEXITY" missed="3" covered="0"/><counter type="METHOD" missed="3" covered="0"/><counter type="CLASS" missed="1" covered="0"/></class><class name="com/jumia/myapplication/ui/app/DaggerJumiaApp_HiltComponents_SingletonC$ActivityRetainedCImpl$ActivityCImpl$FragmentCI" sourcefilename="DaggerJumiaApp_HiltComponents_SingletonC.java"><method name="&lt;init&gt;" desc="(Lcom/jumia/myapplication/ui/app/DaggerJumiaApp_HiltComponents_SingletonC;Lcom/jumia/myapplication/ui/app/DaggerJumiaApp_HiltComponents_SingletonC$ActivityRetainedCImpl;Lcom/jumia/myapplication/ui/app/DaggerJumiaApp_HiltComponents_SingletonC$ActivityRetainedCImpl$ActivityCImpl;Landroidx/fragment/app/Fragment;)V" line="317"><counter type="INSTRUCTION" missed="15" covered="0"/><counter type="LINE" missed="6" covered="0"/><counter type="COMPLEXITY" missed="1" covered="0"/><counter type="METHOD" missed="1" covered="0"/></method><method name="injectProductDetailFragment" desc="(Lcom/jumia/myapplication/ui/products/ProductDetailFragment;)V" line="331"><counter type="INSTRUCTION" missed="1" covered="0"/><counter type="LINE" missed="1" covered="0"/><counter type="COMPLEXITY" missed="1" covered="0"/><counter type="METHOD" missed="1" covered="0"/></method><method name="injectProductListFragment" desc="(Lcom/jumia/myapplication/ui/products/ProductListFragment;)V" line="335"><counter type="INSTRUCTION" missed="1" covered="0"/><counter type="LINE" missed="1" covered="0"/><counter type="COMPLEXITY" missed="1" covered="0"/><counter type="METHOD" missed="1" covered="0"/></method><method name="getHiltInternalFactoryFactory" desc="()Ldagger/hilt/android/internal/lifecycle/DefaultViewModelFactories$InternalFactoryFactory;" line="339"><counter type="INSTRUCTION" missed="4" covered="0"/><counter type="LINE" missed="1" covered="0"/><counter type="COMPLEXITY" missed="1" covered="0"/><counter type="METHOD" missed="1" covered="0"/></method><method name="viewWithFragmentComponentBuilder" desc="()Ldagger/hilt/android/internal/builders/ViewWithFragmentComponentBuilder;" line="344"><counter type="INSTRUCTION" missed="13" covered="0"/><counter type="LINE" missed="1" covered="0"/><counter type="COMPLEXITY" missed="1" covered="0"/><counter type="METHOD" missed="1" covered="0"/></method><counter type="INSTRUCTION" missed="34" covered="0"/><counter type="LINE" missed="10" covered="0"/><counter type="COMPLEXITY" missed="5" covered="0"/><counter type="METHOD" missed="5" covered="0"/><counter type="CLASS" missed="1" covered="0"/></class><class name="com/jumia/myapplication/ui/app/JumiaApp_HiltComponents$ActivityRetainedC" sourcefilename="JumiaApp_HiltComponents.java"><method name="&lt;init&gt;" desc="()V" line="155"><counter type="INSTRUCTION" missed="3" covered="0"/><counter type="LINE" missed="1" covered="0"/><counter type="COMPLEXITY" missed="1" covered="0"/><counter type="METHOD" missed="1" covered="0"/></method><counter type="INSTRUCTION" missed="3" covered="0"/><counter type="LINE" missed="1" covered="0"/><counter type="COMPLEXITY" missed="1" covered="0"/><counter type="METHOD" missed="1" covered="0"/><counter type="CLASS" missed="1" covered="0"/></class><class name="com/jumia/myapplication/ui/app/DaggerJumiaApp_HiltComponents_SingletonC$ActivityRetainedCBuilder" sourcefilename="DaggerJumiaApp_HiltComponents_SingletonC.java"><method name="&lt;init&gt;" desc="(Lcom/jumia/myapplication/ui/app/DaggerJumiaApp_HiltComponents_SingletonC;)V" line="160"><counter type="INSTRUCTION" missed="6" covered="0"/><counter type="LINE" missed="3" covered="0"/><counter type="COMPLEXITY" missed="1" covered="0"/><counter type="METHOD" missed="1" covered="0"/></method><method name="build" desc="()Lcom/jumia/myapplication/ui/app/JumiaApp_HiltComponents$ActivityRetainedC;" line="166"><counter type="INSTRUCTION" missed="7" covered="0"/><counter type="LINE" missed="1" covered="0"/><counter type="COMPLEXITY" missed="1" covered="0"/><counter type="METHOD" missed="1" covered="0"/></method><counter type="INSTRUCTION" missed="13" covered="0"/><counter type="LINE" missed="4" covered="0"/><counter type="COMPLEXITY" missed="2" covered="0"/><counter type="METHOD" missed="2" covered="0"/><counter type="CLASS" missed="1" covered="0"/></class><class name="com/jumia/myapplication/ui/app/DaggerJumiaApp_HiltComponents_SingletonC" sourcefilename="DaggerJumiaApp_HiltComponents_SingletonC.java"><method name="&lt;init&gt;" desc="(Ldagger/hilt/android/internal/modules/ApplicationContextModule;)V" line="57"><counter type="INSTRUCTION" missed="0" covered="24"/><counter type="LINE" missed="0" covered="7"/><counter type="COMPLEXITY" missed="0" covered="1"/><counter type="METHOD" missed="0" covered="1"/></method><method name="builder" desc="()Lcom/jumia/myapplication/ui/app/DaggerJumiaApp_HiltComponents_SingletonC$Builder;" line="72"><counter type="INSTRUCTION" missed="0" covered="5"/><counter type="LINE" missed="0" covered="1"/><counter type="COMPLEXITY" missed="0" covered="1"/><counter type="METHOD" missed="0" covered="1"/></method><method name="jumiaWebService" desc="()Lcom/jumia/myapplication/infrastructure/JumiaWebService;" line="76"><counter type="INSTRUCTION" missed="33" covered="0"/><counter type="BRANCH" missed="4" covered="0"/><counter type="LINE" missed="9" covered="0"/><counter type="COMPLEXITY" missed="3" covered="0"/><counter type="METHOD" missed="1" covered="0"/></method><method name="configurationRepo" desc="()Lcom/jumia/myapplication/infrastructure/ConfigurationRepo;" line="90"><counter type="INSTRUCTION" missed="32" covered="0"/><counter type="BRANCH" missed="4" covered="0"/><counter type="LINE" missed="9" covered="0"/><counter type="COMPLEXITY" missed="3" covered="0"/><counter type="METHOD" missed="1" covered="0"/></method><method name="productRepo" desc="()Lcom/jumia/myapplication/infrastructure/ProductRepo;" line="104"><counter type="INSTRUCTION" missed="32" covered="0"/><counter type="BRANCH" missed="4" covered="0"/><counter type="LINE" missed="9" covered="0"/><counter type="COMPLEXITY" missed="3" covered="0"/><counter type="METHOD" missed="1" covered="0"/></method><method name="injectJumiaApp" desc="(Lcom/jumia/myapplication/ui/app/JumiaApp;)V" line="119"><counter type="INSTRUCTION" missed="0" covered="1"/><counter type="LINE" missed="0" covered="1"/><counter type="COMPLEXITY" missed="0" covered="1"/><counter type="METHOD" missed="0" covered="1"/></method><method name="retainedComponentBuilder" desc="()Ldagger/hilt/android/internal/builders/ActivityRetainedComponentBuilder;" line="123"><counter type="INSTRUCTION" missed="7" covered="0"/><counter type="LINE" missed="1" covered="0"/><counter type="COMPLEXITY" missed="1" covered="0"/><counter type="METHOD" missed="1" covered="0"/></method><method name="serviceComponentBuilder" desc="()Ldagger/hilt/android/internal/builders/ServiceComponentBuilder;" line="128"><counter type="INSTRUCTION" missed="7" covered="0"/><counter type="LINE" missed="1" covered="0"/><counter type="COMPLEXITY" missed="1" covered="0"/><counter type="METHOD" missed="1" covered="0"/></method><counter type="INSTRUCTION" missed="111" covered="30"/><counter type="BRANCH" missed="12" covered="0"/><counter type="LINE" missed="29" covered="9"/><counter type="COMPLEXITY" missed="11" covered="3"/><counter type="METHOD" missed="5" covered="3"/><counter type="CLASS" missed="0" covered="1"/></class><sourcefile name="JumiaApp_HiltComponents.java"><line nr="129" mi="0" ci="3" mb="0" cb="0"/><line nr="138" mi="3" ci="0" mb="0" cb="0"/><line nr="155" mi="3" ci="0" mb="0" cb="0"/><line nr="173" mi="3" ci="0" mb="0" cb="0"/><line nr="194" mi="3" ci="0" mb="0" cb="0"/><line nr="204" mi="3" ci="0" mb="0" cb="0"/><line nr="215" mi="3" ci="0" mb="0" cb="0"/><line nr="228" mi="3" ci="0" mb="0" cb="0"/><counter type="INSTRUCTION" missed="21" covered="3"/><counter type="LINE" missed="7" covered="1"/><counter type="COMPLEXITY" missed="7" covered="1"/><counter type="METHOD" missed="7" covered="1"/><counter type="CLASS" missed="7" covered="1"/></sourcefile><sourcefile name="DaggerJumiaApp_HiltComponents_SingletonC.java"><line nr="57" mi="0" ci="3" mb="0" cb="0"/><line nr="59" mi="0" ci="5" mb="0" cb="0"/><line nr="61" mi="0" ci="5" mb="0" cb="0"/><line nr="63" mi="0" ci="5" mb="0" cb="0"/><line nr="66" mi="0" ci="2" mb="0" cb="0"/><line nr="67" mi="0" ci="3" mb="0" cb="0"/><line nr="69" mi="0" ci="1" mb="0" cb="0"/><line nr="72" mi="0" ci="5" mb="0" cb="0"/><line nr="76" mi="3" ci="0" mb="0" cb="0"/><line nr="77" mi="3" ci="0" mb="2" cb="0"/><line nr="78" mi="4" ci="0" mb="0" cb="0"/><line nr="79" mi="3" ci="0" mb="0" cb="0"/><line nr="80" mi="3" ci="0" mb="2" cb="0"/><line nr="81" mi="5" ci="0" mb="0" cb="0"/><line nr="82" mi="6" ci="0" mb="0" cb="0"/><line nr="84" mi="3" ci="0" mb="0" cb="0"/><line nr="86" mi="3" ci="0" mb="0" cb="0"/><line nr="90" mi="3" ci="0" mb="0" cb="0"/><line nr="91" mi="3" ci="0" mb="2" cb="0"/><line nr="92" mi="4" ci="0" mb="0" cb="0"/><line nr="93" mi="3" ci="0" mb="0" cb="0"/><line nr="94" mi="3" ci="0" mb="2" cb="0"/><line nr="95" mi="4" ci="0" mb="0" cb="0"/><line nr="96" mi="6" ci="0" mb="0" cb="0"/><line nr="98" mi="3" ci="0" mb="0" cb="0"/><line nr="100" mi="3" ci="0" mb="0" cb="0"/><line nr="104" mi="3" ci="0" mb="0" cb="0"/><line nr="105" mi="3" ci="0" mb="2" cb="0"/><line nr="106" mi="4" ci="0" mb="0" cb="0"/><line nr="107" mi="3" ci="0" mb="0" cb="0"/><line nr="108" mi="3" ci="0" mb="2" cb="0"/><line nr="109" mi="4" ci="0" mb="0" cb="0"/><line nr="110" mi="6" ci="0" mb="0" cb="0"/><line nr="112" mi="3" ci="0" mb="0" cb="0"/><line nr="114" mi="3" ci="0" mb="0" cb="0"/><line nr="119" mi="0" ci="1" mb="0" cb="0"/><line nr="123" mi="7" ci="0" mb="0" cb="0"/><line nr="128" mi="7" ci="0" mb="0" cb="0"/><line nr="142" mi="3" ci="0" mb="0" cb="0"/><line nr="143" mi="2" ci="0" mb="0" cb="0"/><line nr="147" mi="0" ci="5" mb="0" cb="0"/><line nr="148" mi="0" ci="2" mb="0" cb="0"/><line nr="152" mi="0" ci="4" mb="0" cb="0"/><line nr="153" mi="0" ci="7" mb="0" cb="0"/><line nr="160" mi="2" ci="0" mb="0" cb="0"/><line nr="161" mi="3" ci="0" mb="0" cb="0"/><line nr="162" mi="1" ci="0" mb="0" cb="0"/><line nr="166" mi="7" ci="0" mb="0" cb="0"/><line nr="173" mi="3" ci="0" mb="0" cb="0"/><line nr="175" mi="5" ci="0" mb="0" cb="0"/><line nr="177" mi="2" ci="0" mb="0" cb="0"/><line nr="178" mi="3" ci="0" mb="0" cb="0"/><line nr="181" mi="1" ci="0" mb="0" cb="0"/><line nr="184" mi="3" ci="0" mb="0" cb="0"/><line nr="185" mi="3" ci="0" mb="2" cb="0"/><line nr="186" mi="4" ci="0" mb="0" cb="0"/><line nr="187" mi="3" ci="0" mb="0" cb="0"/><line nr="188" mi="3" ci="0" mb="2" cb="0"/><line nr="189" mi="2" ci="0" mb="0" cb="0"/><line nr="190" mi="6" ci="0" mb="0" cb="0"/><line nr="192" mi="3" ci="0" mb="0" cb="0"/><line nr="194" mi="2" ci="0" mb="0" cb="0"/><line nr="199" mi="9" ci="0" mb="0" cb="0"/><line nr="204" mi="4" ci="0" mb="0" cb="0"/><line nr="215" mi="2" ci="0" mb="0" cb="0"/><line nr="216" mi="3" ci="0" mb="0" cb="0"/><line nr="217" mi="3" ci="0" mb="0" cb="0"/><line nr="218" mi="1" ci="0" mb="0" cb="0"/><line nr="222" mi="5" ci="0" mb="0" cb="0"/><line nr="223" mi="2" ci="0" mb="0" cb="0"/><line nr="228" mi="4" ci="0" mb="0" cb="0"/><line nr="229" mi="11" ci="0" mb="0" cb="0"/><line nr="238" mi="3" ci="0" mb="0" cb="0"/><line nr="241" mi="2" ci="0" mb="0" cb="0"/><line nr="242" mi="3" ci="0" mb="0" cb="0"/><line nr="243" mi="3" ci="0" mb="0" cb="0"/><line nr="246" mi="1" ci="0" mb="0" cb="0"/><line nr="250" mi="1" ci="0" mb="0" cb="0"/><line nr="254" mi="1" ci="0" mb="0" cb="0"/><line nr="258" mi="16" ci="0" mb="0" cb="0"/><line nr="263" mi="8" ci="0" mb="0" cb="0"/><line nr="268" mi="9" ci="0" mb="0" cb="0"/><line nr="273" mi="11" ci="0" mb="0" cb="0"/><line nr="278" mi="11" ci="0" mb="0" cb="0"/><line nr="291" mi="2" ci="0" mb="0" cb="0"/><line nr="292" mi="3" ci="0" mb="0" cb="0"/><line nr="293" mi="3" ci="0" mb="0" cb="0"/><line nr="294" mi="3" ci="0" mb="0" cb="0"/><line nr="295" mi="1" ci="0" mb="0" cb="0"/><line nr="299" mi="5" ci="0" mb="0" cb="0"/><line nr="300" mi="2" ci="0" mb="0" cb="0"/><line nr="305" mi="4" ci="0" mb="0" cb="0"/><line nr="306" mi="13" ci="0" mb="0" cb="0"/><line nr="317" mi="3" ci="0" mb="0" cb="0"/><line nr="321" mi="2" ci="0" mb="0" cb="0"/><line nr="322" mi="3" ci="0" mb="0" cb="0"/><line nr="323" mi="3" ci="0" mb="0" cb="0"/><line nr="324" mi="3" ci="0" mb="0" cb="0"/><line nr="327" mi="1" ci="0" mb="0" cb="0"/><line nr="331" mi="1" ci="0" mb="0" cb="0"/><line nr="335" mi="1" ci="0" mb="0" cb="0"/><line nr="339" mi="4" ci="0" mb="0" cb="0"/><line nr="344" mi="13" ci="0" mb="0" cb="0"/><line nr="360" mi="2" ci="0" mb="0" cb="0"/><line nr="361" mi="3" ci="0" mb="0" cb="0"/><line nr="362" mi="3" ci="0" mb="0" cb="0"/><line nr="363" mi="3" ci="0" mb="0" cb="0"/><line nr="364" mi="3" ci="0" mb="0" cb="0"/><line nr="365" mi="1" ci="0" mb="0" cb="0"/><line nr="369" mi="5" ci="0" mb="0" cb="0"/><line nr="370" mi="2" ci="0" mb="0" cb="0"/><line nr="375" mi="4" ci="0" mb="0" cb="0"/><line nr="376" mi="15" ci="0" mb="0" cb="0"/><line nr="389" mi="3" ci="0" mb="0" cb="0"/><line nr="393" mi="2" ci="0" mb="0" cb="0"/><line nr="394" mi="3" ci="0" mb="0" cb="0"/><line nr="395" mi="3" ci="0" mb="0" cb="0"/><line nr="396" mi="3" ci="0" mb="0" cb="0"/><line nr="397" mi="3" ci="0" mb="0" cb="0"/><line nr="400" mi="1" ci="0" mb="0" cb="0"/><line nr="414" mi="2" ci="0" mb="0" cb="0"/><line nr="415" mi="3" ci="0" mb="0" cb="0"/><line nr="416" mi="3" ci="0" mb="0" cb="0"/><line nr="417" mi="3" ci="0" mb="0" cb="0"/><line nr="418" mi="1" ci="0" mb="0" cb="0"/><line nr="422" mi="5" ci="0" mb="0" cb="0"/><line nr="423" mi="2" ci="0" mb="0" cb="0"/><line nr="428" mi="4" ci="0" mb="0" cb="0"/><line nr="429" mi="13" ci="0" mb="0" cb="0"/><line nr="440" mi="3" ci="0" mb="0" cb="0"/><line nr="444" mi="2" ci="0" mb="0" cb="0"/><line nr="445" mi="3" ci="0" mb="0" cb="0"/><line nr="446" mi="3" ci="0" mb="0" cb="0"/><line nr="447" mi="3" ci="0" mb="0" cb="0"/><line nr="450" mi="1" ci="0" mb="0" cb="0"/><line nr="462" mi="2" ci="0" mb="0" cb="0"/><line nr="463" mi="3" ci="0" mb="0" cb="0"/><line nr="464" mi="3" ci="0" mb="0" cb="0"/><line nr="465" mi="1" ci="0" mb="0" cb="0"/><line nr="469" mi="5" ci="0" mb="0" cb="0"/><line nr="470" mi="2" ci="0" mb="0" cb="0"/><line nr="475" mi="4" ci="0" mb="0" cb="0"/><line nr="476" mi="11" ci="0" mb="0" cb="0"/><line nr="485" mi="3" ci="0" mb="0" cb="0"/><line nr="492" mi="2" ci="0" mb="0" cb="0"/><line nr="493" mi="3" ci="0" mb="0" cb="0"/><line nr="494" mi="3" ci="0" mb="0" cb="0"/><line nr="497" mi="1" ci="0" mb="0" cb="0"/><line nr="500" mi="7" ci="0" mb="0" cb="0"/><line nr="504" mi="3" ci="0" mb="0" cb="0"/><line nr="505" mi="2" ci="0" mb="2" cb="0"/><line nr="506" mi="11" ci="0" mb="0" cb="0"/><line nr="507" mi="4" ci="0" mb="0" cb="0"/><line nr="509" mi="3" ci="0" mb="0" cb="0"/><line nr="513" mi="7" ci="0" mb="0" cb="0"/><line nr="517" mi="3" ci="0" mb="0" cb="0"/><line nr="518" mi="2" ci="0" mb="2" cb="0"/><line nr="519" mi="11" ci="0" mb="0" cb="0"/><line nr="520" mi="4" ci="0" mb="0" cb="0"/><line nr="522" mi="3" ci="0" mb="0" cb="0"/><line nr="527" mi="12" ci="0" mb="0" cb="0"/><line nr="540" mi="2" ci="0" mb="0" cb="0"/><line nr="541" mi="3" ci="0" mb="0" cb="0"/><line nr="542" mi="3" ci="0" mb="0" cb="0"/><line nr="543" mi="3" ci="0" mb="0" cb="0"/><line nr="544" mi="3" ci="0" mb="0" cb="0"/><line nr="545" mi="1" ci="0" mb="0" cb="0"/><line nr="550" mi="3" ci="0" mb="3" cb="0"/><line nr="552" mi="4" ci="0" mb="0" cb="0"/><line nr="555" mi="4" ci="0" mb="0" cb="0"/><line nr="557" mi="6" ci="0" mb="0" cb="0"/><line nr="569" mi="2" ci="0" mb="0" cb="0"/><line nr="570" mi="3" ci="0" mb="0" cb="0"/><line nr="571" mi="1" ci="0" mb="0" cb="0"/><line nr="575" mi="5" ci="0" mb="0" cb="0"/><line nr="576" mi="2" ci="0" mb="0" cb="0"/><line nr="581" mi="4" ci="0" mb="0" cb="0"/><line nr="582" mi="9" ci="0" mb="0" cb="0"/><line nr="589" mi="3" ci="0" mb="0" cb="0"/><line nr="592" mi="2" ci="0" mb="0" cb="0"/><line nr="593" mi="3" ci="0" mb="0" cb="0"/><line nr="596" mi="1" ci="0" mb="0" cb="0"/><counter type="INSTRUCTION" missed="647" covered="48"/><counter type="BRANCH" missed="23" covered="0"/><counter type="LINE" missed="169" covered="13"/><counter type="COMPLEXITY" missed="66" covered="5"/><counter type="METHOD" missed="54" covered="5"/><counter type="CLASS" missed="15" covered="2"/></sourcefile><sourcefile name="JumiaApp.kt"><line nr="7" mi="0" ci="3" mb="0" cb="0"/><counter type="INSTRUCTION" missed="0" covered="3"/><counter type="LINE" missed="0" covered="1"/><counter type="COMPLEXITY" missed="0" covered="1"/><counter type="METHOD" missed="0" covered="1"/><counter type="CLASS" missed="0" covered="1"/></sourcefile><sourcefile name="Hilt_JumiaApp.java"><line nr="16" mi="0" ci="2" mb="0" cb="0"/><line nr="17" mi="0" ci="16" mb="0" cb="0"/><line nr="20" mi="0" ci="7" mb="0" cb="0"/><line nr="21" mi="0" ci="1" mb="0" cb="0"/><line nr="22" mi="0" ci="1" mb="0" cb="0"/><line nr="28" mi="0" ci="3" mb="0" cb="0"/><line nr="33" mi="0" ci="4" mb="0" cb="0"/><line nr="41" mi="0" ci="7" mb="0" cb="0"/><line nr="42" mi="0" ci="2" mb="0" cb="0"/><line nr="43" mi="0" ci="1" mb="0" cb="0"/><counter type="INSTRUCTION" missed="0" covered="44"/><counter type="LINE" missed="0" covered="10"/><counter type="COMPLEXITY" missed="0" covered="6"/><counter type="METHOD" missed="0" covered="6"/><counter type="CLASS" missed="0" covered="2"/></sourcefile><sourcefile name="JumiaApp_ComponentTreeDeps.java"><line nr="95" mi="3" ci="0" mb="0" cb="0"/><counter type="INSTRUCTION" missed="3" covered="0"/><counter type="LINE" missed="1" covered="0"/><counter type="COMPLEXITY" missed="1" covered="0"/><counter type="METHOD" missed="1" covered="0"/><counter type="CLASS" missed="1" covered="0"/></sourcefile><counter type="INSTRUCTION" missed="671" covered="98"/><counter type="BRANCH" missed="23" covered="0"/><counter type="LINE" missed="177" covered="25"/><counter type="COMPLEXITY" missed="74" covered="13"/><counter type="METHOD" missed="62" covered="13"/><counter type="CLASS" missed="23" covered="6"/></package><package name="androidx/databinding"><class name="androidx/databinding/DataBinderMapperImpl" sourcefilename="DataBinderMapperImpl.java"><method name="&lt;init&gt;" desc="()V" line="4"><counter type="INSTRUCTION" missed="8" covered="0"/><counter type="LINE" missed="3" covered="0"/><counter type="COMPLEXITY" missed="1" covered="0"/><counter type="METHOD" missed="1" covered="0"/></method><counter type="INSTRUCTION" missed="8" covered="0"/><counter type="LINE" missed="3" covered="0"/><counter type="COMPLEXITY" missed="1" covered="0"/><counter type="METHOD" missed="1" covered="0"/><counter type="CLASS" missed="1" covered="0"/></class><sourcefile name="DataBinderMapperImpl.java"><line nr="4" mi="2" ci="0" mb="0" cb="0"/><line nr="5" mi="5" ci="0" mb="0" cb="0"/><line nr="6" mi="1" ci="0" mb="0" cb="0"/><counter type="INSTRUCTION" missed="8" covered="0"/><counter type="LINE" missed="3" covered="0"/><counter type="COMPLEXITY" missed="1" covered="0"/><counter type="METHOD" missed="1" covered="0"/><counter type="CLASS" missed="1" covered="0"/></sourcefile><counter type="INSTRUCTION" missed="8" covered="0"/><counter type="LINE" missed="3" covered="0"/><counter type="COMPLEXITY" missed="1" covered="0"/><counter type="METHOD" missed="1" covered="0"/><counter type="CLASS" missed="1" covered="0"/></package><package name="com/jumia/myapplication/ui/util/progress"><class name="com/jumia/myapplication/ui/util/progress/WaitingDialog" sourcefilename="WaitingDialog.kt"><method name="&lt;init&gt;" desc="(Landroid/app/Activity;)V" line="8"><counter type="INSTRUCTION" missed="63" covered="0"/><counter type="BRANCH" missed="8" covered="0"/><counter type="LINE" missed="8" covered="0"/><counter type="COMPLEXITY" missed="5" covered="0"/><counter type="METHOD" missed="1" covered="0"/></method><method name="showDialog" desc="()V" line="27"><counter type="INSTRUCTION" missed="58" covered="0"/><counter type="BRANCH" missed="18" covered="0"/><counter type="LINE" missed="9" covered="0"/><counter type="COMPLEXITY" missed="10" covered="0"/><counter type="METHOD" missed="1" covered="0"/></method><method name="dismissDialog" desc="()V" line="44"><counter type="INSTRUCTION" missed="58" covered="0"/><counter type="BRANCH" missed="18" covered="0"/><counter type="LINE" missed="9" covered="0"/><counter type="COMPLEXITY" missed="10" covered="0"/><counter type="METHOD" missed="1" covered="0"/></method><counter type="INSTRUCTION" missed="179" covered="0"/><counter type="BRANCH" missed="44" covered="0"/><counter type="LINE" missed="26" covered="0"/><counter type="COMPLEXITY" missed="25" covered="0"/><counter type="METHOD" missed="3" covered="0"/><counter type="CLASS" missed="1" covered="0"/></class><sourcefile name="WaitingDialog.kt"><line nr="8" mi="3" ci="0" mb="0" cb="0"/><line nr="14" mi="1" ci="0" mb="0" cb="0"/><line nr="16" mi="3" ci="0" mb="0" cb="0"/><line nr="18" mi="20" ci="0" mb="2" cb="0"/><line nr="19" mi="8" ci="0" mb="0" cb="0"/><line nr="22" mi="9" ci="0" mb="2" cb="0"/><line nr="23" mi="18" ci="0" mb="4" cb="0"/><line nr="24" mi="1" ci="0" mb="0" cb="0"/><line nr="27" mi="15" ci="0" mb="6" cb="0"/><line nr="28" mi="1" ci="0" mb="0" cb="0"/><line nr="31" mi="9" ci="0" mb="4" cb="0"/><line nr="32" mi="8" ci="0" mb="0" cb="0"/><line nr="33" mi="3" ci="0" mb="2" cb="0"/><line nr="34" mi="4" ci="0" mb="2" cb="0"/><line nr="35" mi="9" ci="0" mb="2" cb="0"/><line nr="38" mi="8" ci="0" mb="2" cb="0"/><line nr="41" mi="1" ci="0" mb="0" cb="0"/><line nr="44" mi="15" ci="0" mb="6" cb="0"/><line nr="45" mi="1" ci="0" mb="0" cb="0"/><line nr="48" mi="9" ci="0" mb="4" cb="0"/><line nr="49" mi="8" ci="0" mb="0" cb="0"/><line nr="50" mi="3" ci="0" mb="2" cb="0"/><line nr="51" mi="4" ci="0" mb="2" cb="0"/><line nr="52" mi="9" ci="0" mb="2" cb="0"/><line nr="55" mi="8" ci="0" mb="2" cb="0"/><line nr="58" mi="1" ci="0" mb="0" cb="0"/><counter type="INSTRUCTION" missed="179" covered="0"/><counter type="BRANCH" missed="44" covered="0"/><counter type="LINE" missed="26" covered="0"/><counter type="COMPLEXITY" missed="25" covered="0"/><counter type="METHOD" missed="3" covered="0"/><counter type="CLASS" missed="1" covered="0"/></sourcefile><counter type="INSTRUCTION" missed="179" covered="0"/><counter type="BRANCH" missed="44" covered="0"/><counter type="LINE" missed="26" covered="0"/><counter type="COMPLEXITY" missed="25" covered="0"/><counter type="METHOD" missed="3" covered="0"/><counter type="CLASS" missed="1" covered="0"/></package><package name="com/jumia/myapplication/databinding"><class name="com/jumia/myapplication/databinding/FragmentProductListBinding" sourcefilename="FragmentProductListBinding.java"><method name="&lt;init&gt;" desc="(Ljava/lang/Object;Landroid/view/View;ILandroidx/recyclerview/widget/RecyclerView;Landroidx/swiperefreshlayout/widget/SwipeRefreshLayout;)V" line="31"><counter type="INSTRUCTION" missed="12" covered="0"/><counter type="LINE" missed="4" covered="0"/><counter type="COMPLEXITY" missed="1" covered="0"/><counter type="METHOD" missed="1" covered="0"/></method><method name="getViewmodel" desc="()Lcom/jumia/myapplication/ui/products/ProductViewModel;" line="40"><counter type="INSTRUCTION" missed="3" covered="0"/><counter type="LINE" missed="1" covered="0"/><counter type="COMPLEXITY" missed="1" covered="0"/><counter type="METHOD" missed="1" covered="0"/></method><method name="inflate" desc="(Landroid/view/LayoutInflater;Landroid/view/ViewGroup;Z)Lcom/jumia/myapplication/databinding/FragmentProductListBinding;" line="46"><counter type="INSTRUCTION" missed="6" covered="0"/><counter type="LINE" missed="1" covered="0"/><counter type="COMPLEXITY" missed="1" covered="0"/><counter type="METHOD" missed="1" covered="0"/></method><method name="inflate" desc="(Landroid/view/LayoutInflater;Landroid/view/ViewGroup;ZLjava/lang/Object;)Lcom/jumia/myapplication/databinding/FragmentProductListBinding;" line="60"><counter type="INSTRUCTION" missed="8" covered="0"/><counter type="LINE" missed="1" covered="0"/><counter type="COMPLEXITY" missed="1" covered="0"/><counter type="METHOD" missed="1" covered="0"/></method><method name="inflate" desc="(Landroid/view/LayoutInflater;)Lcom/jumia/myapplication/databinding/FragmentProductListBinding;" line="65"><counter type="INSTRUCTION" missed="4" covered="0"/><counter type="LINE" missed="1" covered="0"/><counter type="COMPLEXITY" missed="1" covered="0"/><counter type="METHOD" missed="1" covered="0"/></method><method name="inflate" desc="(Landroid/view/LayoutInflater;Ljava/lang/Object;)Lcom/jumia/myapplication/databinding/FragmentProductListBinding;" line="79"><counter type="INSTRUCTION" missed="8" covered="0"/><counter type="LINE" missed="1" covered="0"/><counter type="COMPLEXITY" missed="1" covered="0"/><counter type="METHOD" missed="1" covered="0"/></method><method name="bind" desc="(Landroid/view/View;)Lcom/jumia/myapplication/databinding/FragmentProductListBinding;" line="83"><counter type="INSTRUCTION" missed="4" covered="0"/><counter type="LINE" missed="1" covered="0"/><counter type="COMPLEXITY" missed="1" covered="0"/><counter type="METHOD" missed="1" covered="0"/></method><method name="bind" desc="(Landroid/view/View;Ljava/lang/Object;)Lcom/jumia/myapplication/databinding/FragmentProductListBinding;" line="95"><counter type="INSTRUCTION" missed="6" covered="0"/><counter type="LINE" missed="1" covered="0"/><counter type="COMPLEXITY" missed="1" covered="0"/><counter type="METHOD" missed="1" covered="0"/></method><counter type="INSTRUCTION" missed="51" covered="0"/><counter type="LINE" missed="11" covered="0"/><counter type="COMPLEXITY" missed="8" covered="0"/><counter type="METHOD" missed="8" covered="0"/><counter type="CLASS" missed="1" covered="0"/></class><class name="com/jumia/myapplication/databinding/FragmentProductListBindingImpl" sourcefilename="FragmentProductListBindingImpl.java"><method name="&lt;init&gt;" desc="(Landroidx/databinding/DataBindingComponent;Landroid/view/View;)V" line="29"><counter type="INSTRUCTION" missed="11" covered="0"/><counter type="LINE" missed="2" covered="0"/><counter type="COMPLEXITY" missed="1" covered="0"/><counter type="METHOD" missed="1" covered="0"/></method><method name="&lt;init&gt;" desc="(Landroidx/databinding/DataBindingComponent;Landroid/view/View;[Ljava/lang/Object;)V" line="32"><counter type="INSTRUCTION" missed="32" covered="0"/><counter type="LINE" missed="7" covered="0"/><counter type="COMPLEXITY" missed="1" covered="0"/><counter type="METHOD" missed="1" covered="0"/></method><method name="invalidateAll" desc="()V" line="45"><counter type="INSTRUCTION" missed="13" covered="0"/><counter type="LINE" missed="5" covered="0"/><counter type="COMPLEXITY" missed="1" covered="0"/><counter type="METHOD" missed="1" covered="0"/></method><method name="hasPendingBindings" desc="()Z" line="53"><counter type="INSTRUCTION" missed="18" covered="0"/><counter type="BRANCH" missed="2" covered="0"/><counter type="LINE" missed="5" covered="0"/><counter type="COMPLEXITY" missed="2" covered="0"/><counter type="METHOD" missed="1" covered="0"/></method><method name="setVariable" desc="(ILjava/lang/Object;)Z" line="63"><counter type="INSTRUCTION" missed="14" covered="0"/><counter type="BRANCH" missed="2" covered="0"/><counter type="LINE" missed="5" covered="0"/><counter type="COMPLEXITY" missed="2" covered="0"/><counter type="METHOD" missed="1" covered="0"/></method><method name="setViewmodel" desc="(Lcom/jumia/myapplication/ui/products/ProductViewModel;)V" line="74"><counter type="INSTRUCTION" missed="4" covered="0"/><counter type="LINE" missed="2" covered="0"/><counter type="COMPLEXITY" missed="1" covered="0"/><counter type="METHOD" missed="1" covered="0"/></method><method name="onFieldChange" desc="(ILjava/lang/Object;I)Z" line="79"><counter type="INSTRUCTION" missed="4" covered="0"/><counter type="LINE" missed="2" covered="0"/><counter type="COMPLEXITY" missed="1" covered="0"/><counter type="METHOD" missed="1" covered="0"/></method><method name="executeBindings" desc="()V" line="86"><counter type="INSTRUCTION" missed="16" covered="0"/><counter type="LINE" missed="6" covered="0"/><counter type="COMPLEXITY" missed="1" covered="0"/><counter type="METHOD" missed="1" covered="0"/></method><method name="&lt;clinit&gt;" desc="()V" line="15"><counter type="INSTRUCTION" missed="15" covered="0"/><counter type="LINE" missed="5" covered="0"/><counter type="COMPLEXITY" missed="1" covered="0"/><counter type="METHOD" missed="1" covered="0"/></method><counter type="INSTRUCTION" missed="127" covered="0"/><counter type="BRANCH" missed="4" covered="0"/><counter type="LINE" missed="39" covered="0"/><counter type="COMPLEXITY" missed="11" covered="0"/><counter type="METHOD" missed="9" covered="0"/><counter type="CLASS" missed="1" covered="0"/></class><class name="com/jumia/myapplication/databinding/ItemProductCardsBindingImpl" sourcefilename="ItemProductCardsBindingImpl.java"><method name="&lt;init&gt;" desc="(Landroidx/databinding/DataBindingComponent;Landroid/view/View;)V" line="29"><counter type="INSTRUCTION" missed="11" covered="0"/><counter type="LINE" missed="2" covered="0"/><counter type="COMPLEXITY" missed="1" covered="0"/><counter type="METHOD" missed="1" covered="0"/></method><method name="&lt;init&gt;" desc="(Landroidx/databinding/DataBindingComponent;Landroid/view/View;[Ljava/lang/Object;)V" line="32"><counter type="INSTRUCTION" missed="56" covered="0"/><counter type="LINE" missed="10" covered="0"/><counter type="COMPLEXITY" missed="1" covered="0"/><counter type="METHOD" missed="1" covered="0"/></method><method name="invalidateAll" desc="()V" line="51"><counter type="INSTRUCTION" missed="13" covered="0"/><counter type="LINE" missed="5" covered="0"/><counter type="COMPLEXITY" missed="1" covered="0"/><counter type="METHOD" missed="1" covered="0"/></method><method name="hasPendingBindings" desc="()Z" line="59"><counter type="INSTRUCTION" missed="18" covered="0"/><counter type="BRANCH" missed="2" covered="0"/><counter type="LINE" missed="5" covered="0"/><counter type="COMPLEXITY" missed="2" covered="0"/><counter type="METHOD" missed="1" covered="0"/></method><method name="setVariable" desc="(ILjava/lang/Object;)Z" line="69"><counter type="INSTRUCTION" missed="14" covered="0"/><counter type="BRANCH" missed="2" covered="0"/><counter type="LINE" missed="5" covered="0"/><counter type="COMPLEXITY" missed="2" covered="0"/><counter type="METHOD" missed="1" covered="0"/></method><method name="setItem" desc="(Lcom/jumia/myapplication/domain/Product;)V" line="80"><counter type="INSTRUCTION" missed="22" covered="0"/><counter type="LINE" missed="7" covered="0"/><counter type="COMPLEXITY" missed="1" covered="0"/><counter type="METHOD" missed="1" covered="0"/></method><method name="onFieldChange" desc="(ILjava/lang/Object;I)Z" line="90"><counter type="INSTRUCTION" missed="4" covered="0"/><counter type="LINE" missed="2" covered="0"/><counter type="COMPLEXITY" missed="1" covered="0"/><counter type="METHOD" missed="1" covered="0"/></method><method name="executeBindings" desc="()V" line="97"><counter type="INSTRUCTION" missed="65" covered="0"/><counter type="BRANCH" missed="6" covered="0"/><counter type="LINE" missed="21" covered="0"/><counter type="COMPLEXITY" missed="4" covered="0"/><counter type="METHOD" missed="1" covered="0"/></method><method name="&lt;clinit&gt;" desc="()V" line="15"><counter type="INSTRUCTION" missed="15" covered="0"/><counter type="LINE" missed="5" covered="0"/><counter type="COMPLEXITY" missed="1" covered="0"/><counter type="METHOD" missed="1" covered="0"/></method><counter type="INSTRUCTION" missed="218" covered="0"/><counter type="BRANCH" missed="10" covered="0"/><counter type="LINE" missed="62" covered="0"/><counter type="COMPLEXITY" missed="14" covered="0"/><counter type="METHOD" missed="9" covered="0"/><counter type="CLASS" missed="1" covered="0"/></class><class name="com/jumia/myapplication/databinding/FragmentProductDetailBindingImpl" sourcefilename="FragmentProductDetailBindingImpl.java"><method name="&lt;init&gt;" desc="(Landroidx/databinding/DataBindingComponent;Landroid/view/View;)V" line="28"><counter type="INSTRUCTION" missed="11" covered="0"/><counter type="LINE" missed="2" covered="0"/><counter type="COMPLEXITY" missed="1" covered="0"/><counter type="METHOD" missed="1" covered="0"/></method><method name="&lt;init&gt;" desc="(Landroidx/databinding/DataBindingComponent;Landroid/view/View;[Ljava/lang/Object;)V" line="31"><counter type="INSTRUCTION" missed="28" covered="0"/><counter type="LINE" missed="7" covered="0"/><counter type="COMPLEXITY" missed="1" covered="0"/><counter type="METHOD" missed="1" covered="0"/></method><method name="invalidateAll" desc="()V" line="43"><counter type="INSTRUCTION" missed="13" covered="0"/><counter type="LINE" missed="5" covered="0"/><counter type="COMPLEXITY" missed="1" covered="0"/><counter type="METHOD" missed="1" covered="0"/></method><method name="hasPendingBindings" desc="()Z" line="51"><counter type="INSTRUCTION" missed="18" covered="0"/><counter type="BRANCH" missed="2" covered="0"/><counter type="LINE" missed="5" covered="0"/><counter type="COMPLEXITY" missed="2" covered="0"/><counter type="METHOD" missed="1" covered="0"/></method><method name="setVariable" desc="(ILjava/lang/Object;)Z" line="61"><counter type="INSTRUCTION" missed="14" covered="0"/><counter type="BRANCH" missed="2" covered="0"/><counter type="LINE" missed="5"
[...]
ered="0"/></package><package name="com/jumia/myapplication/ui/util"><class name="com/jumia/myapplication/ui/util/BindingAdaptersKt" sourcefilename="BindingAdapters.kt"><method name="loadImage" desc="(Landroid/widget/ImageView;Ljava/lang/String;)V" line="17"><counter type="INSTRUCTION" missed="34" covered="0"/><counter type="BRANCH" missed="6" covered="0"/><counter type="LINE" missed="6" covered="0"/><counter type="COMPLEXITY" missed="4" covered="0"/><counter type="METHOD" missed="1" covered="0"/></method><counter type="INSTRUCTION" missed="34" covered="0"/><counter type="BRANCH" missed="6" covered="0"/><counter type="LINE" missed="6" covered="0"/><counter type="COMPLEXITY" missed="4" covered="0"/><counter type="METHOD" missed="1" covered="0"/><counter type="CLASS" missed="1" covered="0"/></class><class name="com/jumia/myapplication/ui/util/ImageHelper" sourcefilename="ImageHelper.kt"><method name="getRequestOptionsOrderItem" desc="()Lcom/bumptech/glide/request/RequestOptions;" line="9"><counter type="INSTRUCTION" missed="2" covered="0"/><counter type="LINE" missed="1" covered="0"/><counter type="COMPLEXITY" missed="1" covered="0"/><counter type="METHOD" missed="1" covered="0"/></method><method name="getResizeImage200x200" desc="(Ljava/lang/String;)Ljava/lang/String;" line="16"><counter type="INSTRUCTION" missed="5" covered="0"/><counter type="LINE" missed="1" covered="0"/><counter type="COMPLEXITY" missed="1" covered="0"/><counter type="METHOD" missed="1" covered="0"/></method><method name="getResizeImage230x230" desc="(Ljava/lang/String;)Ljava/lang/String;" line="20"><counter type="INSTRUCTION" missed="5" covered="0"/><counter type="LINE" missed="1" covered="0"/><counter type="COMPLEXITY" missed="1" covered="0"/><counter type="METHOD" missed="1" covered="0"/></method><method name="getResizeImage400x400" desc="(Ljava/lang/String;)Ljava/lang/String;" line="24"><counter type="INSTRUCTION" missed="5" covered="0"/><counter type="LINE" missed="1" covered="0"/><counter type="COMPLEXITY" missed="1" covered="0"/><counter type="METHOD" missed="1" covered="0"/></method><method name="getResizeImage2000x2000" desc="(Ljava/lang/String;)Ljava/lang/String;" line="28"><counter type="INSTRUCTION" missed="5" covered="0"/><counter type="LINE" missed="1" covered="0"/><counter type="COMPLEXITY" missed="1" covered="0"/><counter type="METHOD" missed="1" covered="0"/></method><method name="getResizeImage" desc="(Ljava/lang/String;I)Ljava/lang/String;" line="34"><counter type="INSTRUCTION" missed="136" covered="0"/><counter type="BRANCH" missed="22" covered="0"/><counter type="LINE" missed="10" covered="0"/><counter type="COMPLEXITY" missed="12" covered="0"/><counter type="METHOD" missed="1" covered="0"/></method><method name="&lt;clinit&gt;" desc="()V" line="9"><counter type="INSTRUCTION" missed="25" covered="0"/><counter type="LINE" missed="5" covered="0"/><counter type="COMPLEXITY" missed="1" covered="0"/><counter type="METHOD" missed="1" covered="0"/></method><counter type="INSTRUCTION" missed="183" covered="0"/><counter type="BRANCH" missed="22" covered="0"/><counter type="LINE" missed="19" covered="0"/><counter type="COMPLEXITY" missed="18" covered="0"/><counter type="METHOD" missed="7" covered="0"/><counter type="CLASS" missed="1" covered="0"/></class><sourcefile name="ImageHelper.kt"><line nr="9" mi="5" ci="0" mb="0" cb="0"/><line nr="10" mi="2" ci="0" mb="0" cb="0"/><line nr="11" mi="3" ci="0" mb="0" cb="0"/><line nr="12" mi="3" ci="0" mb="0" cb="0"/><line nr="13" mi="10" ci="0" mb="0" cb="0"/><line nr="16" mi="5" ci="0" mb="0" cb="0"/><line nr="20" mi="5" ci="0" mb="0" cb="0"/><line nr="24" mi="5" ci="0" mb="0" cb="0"/><line nr="28" mi="5" ci="0" mb="0" cb="0"/><line nr="34" mi="17" ci="0" mb="6" cb="0"/><line nr="35" mi="2" ci="0" mb="0" cb="0"/><line nr="36" mi="18" ci="0" mb="4" cb="0"/><line nr="37" mi="18" ci="0" mb="4" cb="0"/><line nr="38" mi="2" ci="0" mb="0" cb="0"/><line nr="39" mi="18" ci="0" mb="4" cb="0"/><line nr="40" mi="21" ci="0" mb="0" cb="0"/><line nr="41" mi="18" ci="0" mb="4" cb="0"/><line nr="42" mi="21" ci="0" mb="0" cb="0"/><line nr="44" mi="1" ci="0" mb="0" cb="0"/><counter type="INSTRUCTION" missed="183" covered="0"/><counter type="BRANCH" missed="22" covered="0"/><counter type="LINE" missed="19" covered="0"/><counter type="COMPLEXITY" missed="18" covered="0"/><counter type="METHOD" missed="7" covered="0"/><counter type="CLASS" missed="1" covered="0"/></sourcefile><sourcefile name="BindingAdapters.kt"><line nr="17" mi="16" ci="0" mb="6" cb="0"/><line nr="18" mi="3" ci="0" mb="0" cb="0"/><line nr="19" mi="4" ci="0" mb="0" cb="0"/><line nr="20" mi="4" ci="0" mb="0" cb="0"/><line nr="21" mi="3" ci="0" mb="0" cb="0"/><line nr="23" mi="1" ci="0" mb="0" cb="0"/><counter type="INSTRUCTION" missed="34" covered="0"/><counter type="BRANCH" missed="6" covered="0"/><counter type="LINE" missed="6" covered="0"/><counter type="COMPLEXITY" missed="4" covered="0"/><counter type="METHOD" missed="1" covered="0"/><counter type="CLASS" missed="1" covered="0"/></sourcefile><counter type="INSTRUCTION" missed="217" covered="0"/><counter type="BRANCH" missed="28" covered="0"/><counter type="LINE" missed="25" covered="0"/><counter type="COMPLEXITY" missed="22" covered="0"/><counter type="METHOD" missed="8" covered="0"/><counter type="CLASS" missed="2" covered="0"/></package><package name="com/jumia/myapplication/ui/products/adapter"><class name="com/jumia/myapplication/ui/products/adapter/ProductAdapter" sourcefilename="ProductAdapter.kt"><method name="&lt;init&gt;" desc="(Landroid/content/Context;Lcom/jumia/myapplication/ui/products/adapter/OnItemClickListener;)V" line="17"><counter type="INSTRUCTION" missed="21" covered="0"/><counter type="LINE" missed="2" covered="0"/><counter type="COMPLEXITY" missed="1" covered="0"/><counter type="METHOD" missed="1" covered="0"/></method><method name="getContext" desc="()Landroid/content/Context;" line="17"><counter type="INSTRUCTION" missed="3" covered="0"/><counter type="LINE" missed="1" covered="0"/><counter type="COMPLEXITY" missed="1" covered="0"/><counter type="METHOD" missed="1" covered="0"/></method><method name="getListener" desc="()Lcom/jumia/myapplication/ui/products/adapter/OnItemClickListener;" line="17"><counter type="INSTRUCTION" missed="3" covered="0"/><counter type="LINE" missed="1" covered="0"/><counter type="COMPLEXITY" missed="1" covered="0"/><counter type="METHOD" missed="1" covered="0"/></method><method name="onCreateViewHolder" desc="(Landroid/view/ViewGroup;I)Landroidx/recyclerview/widget/RecyclerView$ViewHolder;" line="20"><counter type="INSTRUCTION" missed="22" covered="0"/><counter type="LINE" missed="7" covered="0"/><counter type="COMPLEXITY" missed="1" covered="0"/><counter type="METHOD" missed="1" covered="0"/></method><method name="onBindViewHolder" desc="(Landroidx/recyclerview/widget/RecyclerView$ViewHolder;I)V" line="31"><counter type="INSTRUCTION" missed="37" covered="0"/><counter type="LINE" missed="8" covered="0"/><counter type="COMPLEXITY" missed="1" covered="0"/><counter type="METHOD" missed="1" covered="0"/></method><method name="&lt;clinit&gt;" desc="()V" line="46"><counter type="INSTRUCTION" missed="10" covered="0"/><counter type="LINE" missed="1" covered="0"/><counter type="COMPLEXITY" missed="1" covered="0"/><counter type="METHOD" missed="1" covered="0"/></method><counter type="INSTRUCTION" missed="96" covered="0"/><counter type="LINE" missed="18" covered="0"/><counter type="COMPLEXITY" missed="6" covered="0"/><counter type="METHOD" missed="6" covered="0"/><counter type="CLASS" missed="1" covered="0"/></class><class name="com/jumia/myapplication/ui/products/adapter/ProductAdapter$Companion$REPO_COMPARATOR$1" sourcefilename="ProductAdapter.kt"><method name="&lt;init&gt;" desc="()V" line="46"><counter type="INSTRUCTION" missed="3" covered="0"/><counter type="LINE" missed="1" covered="0"/><counter type="COMPLEXITY" missed="1" covered="0"/><counter type="METHOD" missed="1" covered="0"/></method><method name="areItemsTheSame" desc="(Lcom/jumia/myapplication/domain/Product;Lcom/jumia/myapplication/domain/Product;)Z" line="48"><counter type="INSTRUCTION" missed="12" covered="0"/><counter type="LINE" missed="1" covered="0"/><counter type="COMPLEXITY" missed="1" covered="0"/><counter type="METHOD" missed="1" covered="0"/></method><method name="areContentsTheSame" desc="(Lcom/jumia/myapplication/domain/Product;Lcom/jumia/myapplication/domain/Product;)Z" line="51"><counter type="INSTRUCTION" missed="10" covered="0"/><counter type="LINE" missed="1" covered="0"/><counter type="COMPLEXITY" missed="1" covered="0"/><counter type="METHOD" missed="1" covered="0"/></method><counter type="INSTRUCTION" missed="25" covered="0"/><counter type="LINE" missed="3" covered="0"/><counter type="COMPLEXITY" missed="3" covered="0"/><counter type="METHOD" missed="3" covered="0"/><counter type="CLASS" missed="1" covered="0"/></class><class name="com/jumia/myapplication/ui/products/adapter/ImagePagerAdapter" sourcefilename="ImagePagerAdapter.kt"><method name="&lt;init&gt;" desc="(Landroid/content/Context;Ljava/util/List;)V" line="14"><counter type="INSTRUCTION" missed="15" covered="0"/><counter type="LINE" missed="1" covered="0"/><counter type="COMPLEXITY" missed="1" covered="0"/><counter type="METHOD" missed="1" covered="0"/></method><method name="getMContext" desc="()Landroid/content/Context;" line="14"><counter type="INSTRUCTION" missed="3" covered="0"/><counter type="LINE" missed="1" covered="0"/><counter type="COMPLEXITY" missed="1" covered="0"/><counter type="METHOD" missed="1" covered="0"/></method><method name="getImages" desc="()Ljava/util/List;" line="14"><counter type="INSTRUCTION" missed="3" covered="0"/><counter type="LINE" missed="1" covered="0"/><counter type="COMPLEXITY" missed="1" covered="0"/><counter type="METHOD" missed="1" covered="0"/></method><method name="instantiateItem" desc="(Landroid/view/ViewGroup;I)Ljava/lang/Object;" line="17"><counter type="INSTRUCTION" missed="61" covered="0"/><counter type="BRANCH" missed="4" covered="0"/><counter type="LINE" missed="9" covered="0"/><counter type="COMPLEXITY" missed="3" covered="0"/><counter type="METHOD" missed="1" covered="0"/></method><method name="destroyItem" desc="(Landroid/view/ViewGroup;ILjava/lang/Object;)V" line="32"><counter type="INSTRUCTION" missed="11" covered="0"/><counter type="LINE" missed="2" covered="0"/><counter type="COMPLEXITY" missed="1" covered="0"/><counter type="METHOD" missed="1" covered="0"/></method><method name="getCount" desc="()I" line="36"><counter type="INSTRUCTION" missed="4" covered="0"/><counter type="LINE" missed="1" covered="0"/><counter type="COMPLEXITY" missed="1" covered="0"/><counter type="METHOD" missed="1" covered="0"/></method><method name="isViewFromObject" desc="(Landroid/view/View;Ljava/lang/Object;)Z" line="41"><counter type="INSTRUCTION" missed="13" covered="0"/><counter type="BRANCH" missed="2" covered="0"/><counter type="LINE" missed="1" covered="0"/><counter type="COMPLEXITY" missed="2" covered="0"/><counter type="METHOD" missed="1" covered="0"/></method><counter type="INSTRUCTION" missed="110" covered="0"/><counter type="BRANCH" missed="6" covered="0"/><counter type="LINE" missed="14" covered="0"/><counter type="COMPLEXITY" missed="10" covered="0"/><counter type="METHOD" missed="7" covered="0"/><counter type="CLASS" missed="1" covered="0"/></class><class name="com/jumia/myapplication/ui/products/adapter/ProductAdapter$ProductViewHolder" sourcefilename="ProductAdapter.kt"><method name="&lt;init&gt;" desc="(Lcom/jumia/myapplication/ui/products/adapter/ProductAdapter;Lcom/jumia/myapplication/databinding/ItemProductCardsBinding;)V" line="55"><counter type="INSTRUCTION" missed="17" covered="0"/><counter type="LINE" missed="2" covered="0"/><counter type="COMPLEXITY" missed="1" covered="0"/><counter type="METHOD" missed="1" covered="0"/></method><method name="getItemGroupProductBinding" desc="()Lcom/jumia/myapplication/databinding/ItemProductCardsBinding;" line="55"><counter type="INSTRUCTION" missed="3" covered="0"/><counter type="LINE" missed="1" covered="0"/><counter type="COMPLEXITY" missed="1" covered="0"/><counter type="METHOD" missed="1" covered="0"/></method><counter type="INSTRUCTION" missed="20" covered="0"/><counter type="LINE" missed="2" covered="0"/><counter type="COMPLEXITY" missed="2" covered="0"/><counter type="METHOD" missed="2" covered="0"/><counter type="CLASS" missed="1" covered="0"/></class><class name="com/jumia/myapplication/ui/products/adapter/ProductAdapter$onBindViewHolder$1" sourcefilename="ProductAdapter.kt"><method name="invoke" desc="(Landroid/view/View;)V" line="40"><counter type="INSTRUCTION" missed="20" covered="0"/><counter type="BRANCH" missed="2" covered="0"/><counter type="LINE" missed="2" covered="0"/><counter type="COMPLEXITY" missed="2" covered="0"/><counter type="METHOD" missed="1" covered="0"/></method><counter type="INSTRUCTION" missed="20" covered="0"/><counter type="BRANCH" missed="2" covered="0"/><counter type="LINE" missed="2" covered="0"/><counter type="COMPLEXITY" missed="2" covered="0"/><counter type="METHOD" missed="1" covered="0"/><counter type="CLASS" missed="1" covered="0"/></class><sourcefile name="ProductAdapter.kt"><line nr="17" mi="13" ci="0" mb="0" cb="0"/><line nr="18" mi="8" ci="0" mb="0" cb="0"/><line nr="20" mi="5" ci="0" mb="0" cb="0"/><line nr="21" mi="7" ci="0" mb="0" cb="0"/><line nr="22" mi="3" ci="0" mb="0" cb="0"/><line nr="23" mi="1" ci="0" mb="0" cb="0"/><line nr="24" mi="1" ci="0" mb="0" cb="0"/><line nr="25" mi="1" ci="0" mb="0" cb="0"/><line nr="27" mi="1" ci="0" mb="0" cb="0"/><line nr="31" mi="3" ci="0" mb="0" cb="0"/><line nr="32" mi="7" ci="0" mb="0" cb="0"/><line nr="34" mi="2" ci="0" mb="0" cb="0"/><line nr="35" mi="2" ci="0" mb="0" cb="0"/><line nr="36" mi="1" ci="0" mb="0" cb="0"/><line nr="38" mi="4" ci="0" mb="0" cb="0"/><line nr="39" mi="14" ci="0" mb="0" cb="0"/><line nr="40" mi="16" ci="0" mb="2" cb="0"/><line nr="41" mi="1" ci="0" mb="0" cb="0"/><line nr="42" mi="1" ci="0" mb="0" cb="0"/><line nr="46" mi="8" ci="0" mb="0" cb="0"/><line nr="48" mi="6" ci="0" mb="0" cb="0"/><line nr="51" mi="4" ci="0" mb="0" cb="0"/><line nr="55" mi="10" ci="0" mb="0" cb="0"/><line nr="56" mi="4" ci="0" mb="0" cb="0"/><counter type="INSTRUCTION" missed="161" covered="0"/><counter type="BRANCH" missed="2" covered="0"/><counter type="LINE" missed="24" covered="0"/><counter type="COMPLEXITY" missed="13" covered="0"/><counter type="METHOD" missed="12" covered="0"/><counter type="CLASS" missed="4" covered="0"/></sourcefile><sourcefile name="ImagePagerAdapter.kt"><line nr="14" mi="15" ci="0" mb="0" cb="0"/><line nr="17" mi="4" ci="0" mb="0" cb="0"/><line nr="18" mi="16" ci="0" mb="2" cb="0"/><line nr="19" mi="14" ci="0" mb="2" cb="0"/><line nr="21" mi="3" ci="0" mb="0" cb="0"/><line nr="22" mi="8" ci="0" mb="0" cb="0"/><line nr="23" mi="4" ci="0" mb="0" cb="0"/><line nr="24" mi="3" ci="0" mb="0" cb="0"/><line nr="26" mi="4" ci="0" mb="0" cb="0"/><line nr="27" mi="2" ci="0" mb="0" cb="0"/><line nr="32" mi="4" ci="0" mb="0" cb="0"/><line nr="33" mi="1" ci="0" mb="0" cb="0"/><line nr="36" mi="4" ci="0" mb="0" cb="0"/><line nr="41" mi="7" ci="0" mb="2" cb="0"/><counter type="INSTRUCTION" missed="110" covered="0"/><counter type="BRANCH" missed="6" covered="0"/><counter type="LINE" missed="14" covered="0"/><counter type="COMPLEXITY" missed="10" covered="0"/><counter type="METHOD" missed="7" covered="0"/><counter type="CLASS" missed="1" covered="0"/></sourcefile><counter type="INSTRUCTION" missed="271" covered="0"/><counter type="BRANCH" missed="8" covered="0"/><counter type="LINE" missed="38" covered="0"/><counter type="COMPLEXITY" missed="23" covered="0"/><counter type="METHOD" missed="19" covered="0"/><counter type="CLASS" missed="5" covered="0"/></package><package name="dagger/hilt/internal/aggregatedroot/codegen"><class name="dagger/hilt/internal/aggregatedroot/codegen/_com_jumia_myapplication_ui_app_JumiaApp" sourcefilename="_com_jumia_myapplication_ui_app_JumiaApp.java"><method name="&lt;init&gt;" desc="()V" line="14"><counter type="INSTRUCTION" missed="3" covered="0"/><counter type="LINE" missed="1" covered="0"/><counter type="COMPLEXITY" missed="1" covered="0"/><counter type="METHOD" missed="1" covered="0"/></method><counter type="INSTRUCTION" missed="3" covered="0"/><counter type="LINE" missed="1" covered="0"/><counter type="COMPLEXITY" missed="1" covered="0"/><counter type="METHOD" missed="1" covered="0"/><counter type="CLASS" missed="1" covered="0"/></class><sourcefile name="_com_jumia_myapplication_ui_app_JumiaApp.java"><line nr="14" mi="3" ci="0" mb="0" cb="0"/><counter type="INSTRUCTION" missed="3" covered="0"/><counter type="LINE" missed="1" covered="0"/><counter type="COMPLEXITY" missed="1" covered="0"/><counter type="METHOD" missed="1" covered="0"/><counter type="CLASS" missed="1" covered="0"/></sourcefile><counter type="INSTRUCTION" missed="3" covered="0"/><counter type="LINE" missed="1" covered="0"/><counter type="COMPLEXITY" missed="1" covered="0"/><counter type="METHOD" missed="1" covered="0"/><counter type="CLASS" missed="1" covered="0"/></package><package name="com/jumia/myapplication/ui/exception"><class name="com/jumia/myapplication/ui/exception/ErrorMessageFactory$Companion" sourcefilename="ErrorMessageFactory.kt"><method name="create" desc="(Landroid/content/Context;Ljava/lang/Throwable;)Ljava/lang/String;" line="17"><counter type="INSTRUCTION" missed="73" covered="0"/><counter type="BRANCH" missed="12" covered="0"/><counter type="LINE" missed="8" covered="0"/><counter type="COMPLEXITY" missed="7" covered="0"/><counter type="METHOD" missed="1" covered="0"/></method><counter type="INSTRUCTION" missed="73" covered="0"/><counter type="BRANCH" missed="12" covered="0"/><counter type="LINE" missed="8" covered="0"/><counter type="COMPLEXITY" missed="7" covered="0"/><counter type="METHOD" missed="1" covered="0"/><counter type="CLASS" missed="1" covered="0"/></class><class name="com/jumia/myapplication/ui/exception/ErrorMessageFactory" sourcefilename="ErrorMessageFactory.kt"><method name="&lt;init&gt;" desc="()V" line="14"><counter type="INSTRUCTION" missed="3" covered="0"/><counter type="LINE" missed="1" covered="0"/><counter type="COMPLEXITY" missed="1" covered="0"/><counter type="METHOD" missed="1" covered="0"/></method><counter type="INSTRUCTION" missed="3" covered="0"/><counter type="LINE" missed="1" covered="0"/><counter type="COMPLEXITY" missed="1" covered="0"/><counter type="METHOD" missed="1" covered="0"/><counter type="CLASS" missed="1" covered="0"/></class><sourcefile name="ErrorMessageFactory.kt"><line nr="14" mi="3" ci="0" mb="0" cb="0"/><line nr="17" mi="9" ci="0" mb="0" cb="0"/><line nr="19" mi="2" ci="0" mb="0" cb="0"/><line nr="20" mi="3" ci="0" mb="2" cb="0"/><line nr="21" mi="10" ci="0" mb="0" cb="0"/><line nr="23" mi="13" ci="0" mb="2" cb="0"/><line nr="25" mi="16" ci="0" mb="4" cb="0"/><line nr="27" mi="15" ci="0" mb="4" cb="0"/><line nr="30" mi="2" ci="0" mb="0" cb="0"/><counter type="INSTRUCTION" missed="76" covered="0"/><counter type="BRANCH" missed="12" covered="0"/><counter type="LINE" missed="9" covered="0"/><counter type="COMPLEXITY" missed="8" covered="0"/><counter type="METHOD" missed="2" covered="0"/><counter type="CLASS" missed="2" covered="0"/></sourcefile><counter type="INSTRUCTION" missed="76" covered="0"/><counter type="BRANCH" missed="12" covered="0"/><counter type="LINE" missed="9" covered="0"/><counter type="COMPLEXITY" missed="8" covered="0"/><counter type="METHOD" missed="2" covered="0"/><counter type="CLASS" missed="2" covered="0"/></package><counter type="INSTRUCTION" missed="6897" covered="98"/><counter type="BRANCH" missed="425" covered="0"/><counter type="LINE" missed="1142" covered="25"/><counter type="COMPLEXITY" missed="708" covered="13"/><counter type="METHOD" missed="483" covered="13"/><counter type="CLASS" missed="158" covered="6"/></report>